{"/home/travis/build/npmtest/node-npmtest-socializr/test.js":{"path":"/home/travis/build/npmtest/node-npmtest-socializr/test.js","s":{"1":2,"2":2,"3":2,"4":2,"5":2,"6":2,"7":2,"8":1,"9":2,"10":2,"11":1,"12":1,"13":1,"14":1,"15":2,"16":2,"17":2,"18":2,"19":1,"20":1,"21":2,"22":2,"23":2,"24":1,"25":1,"26":1,"27":1,"28":1,"29":1,"30":1,"31":1,"32":1,"33":1,"34":1,"35":1,"36":1,"37":1,"38":1,"39":2,"40":2,"41":1,"42":2,"43":2,"44":1,"45":2,"46":2,"47":1,"48":2,"49":2,"50":1,"51":1,"52":1,"53":1,"54":1},"b":{"1":[2,1,1,1],"2":[1,1,1,1],"3":[1,1],"4":[1,1],"5":[1,1],"6":[1,1],"7":[1,1],"8":[1,1],"9":[1,1],"10":[1,1,1],"11":[1,1],"12":[1,1],"13":[1,1],"14":[1,1],"15":[1,1],"16":[1,1],"17":[1,1]},"f":{"1":2,"2":2,"3":2,"4":2,"5":2,"6":1,"7":1,"8":1,"9":2,"10":2,"11":2,"12":2,"13":1},"fnMap":{"1":{"name":"(anonymous_1)","line":12,"loc":{"start":{"line":12,"column":1},"end":{"line":12,"column":13}}},"2":{"name":"(anonymous_2)","line":19,"loc":{"start":{"line":19,"column":5},"end":{"line":19,"column":17}}},"3":{"name":"(anonymous_3)","line":23,"loc":{"start":{"line":23,"column":24},"end":{"line":23,"column":36}}},"4":{"name":"(anonymous_4)","line":61,"loc":{"start":{"line":61,"column":5},"end":{"line":61,"column":17}}},"5":{"name":"(anonymous_5)","line":82,"loc":{"start":{"line":82,"column":5},"end":{"line":82,"column":17}}},"6":{"name":"(anonymous_6)","line":91,"loc":{"start":{"line":91,"column":77},"end":{"line":94,"column":10}}},"7":{"name":"(anonymous_7)","line":112,"loc":{"start":{"line":112,"column":83},"end":{"line":115,"column":10}},"skip":true},"8":{"name":"(anonymous_8)","line":123,"loc":{"start":{"line":123,"column":77},"end":{"line":126,"column":10}},"skip":true},"9":{"name":"(anonymous_9)","line":139,"loc":{"start":{"line":139,"column":12},"end":{"line":139,"column":40}},"skip":true},"10":{"name":"(anonymous_10)","line":147,"loc":{"start":{"line":147,"column":77},"end":{"line":150,"column":10}},"skip":true},"11":{"name":"(anonymous_11)","line":158,"loc":{"start":{"line":158,"column":83},"end":{"line":161,"column":10}},"skip":true},"12":{"name":"(anonymous_12)","line":169,"loc":{"start":{"line":169,"column":79},"end":{"line":172,"column":10}},"skip":true},"13":{"name":"(anonymous_13)","line":180,"loc":{"start":{"line":180,"column":75},"end":{"line":183,"column":10}},"skip":true}},"statementMap":{"1":{"start":{"line":12,"column":0},"end":{"line":195,"column":5}},"2":{"start":{"line":14,"column":4},"end":{"line":14,"column":14}},"3":{"start":{"line":19,"column":4},"end":{"line":56,"column":9}},"4":{"start":{"line":21,"column":8},"end":{"line":21,"column":19}},"5":{"start":{"line":23,"column":8},"end":{"line":35,"column":13}},"6":{"start":{"line":24,"column":12},"end":{"line":34,"column":13}},"7":{"start":{"line":25,"column":16},"end":{"line":28,"column":30}},"8":{"start":{"line":30,"column":16},"end":{"line":33,"column":27}},"9":{"start":{"line":37,"column":8},"end":{"line":39,"column":21}},"10":{"start":{"line":40,"column":8},"end":{"line":53,"column":9}},"11":{"start":{"line":43,"column":12},"end":{"line":46,"column":14}},"12":{"start":{"line":47,"column":12},"end":{"line":47,"column":18}},"13":{"start":{"line":50,"column":12},"end":{"line":51,"column":33}},"14":{"start":{"line":52,"column":12},"end":{"line":52,"column":18}},"15":{"start":{"line":55,"column":8},"end":{"line":55,"column":35}},"16":{"start":{"line":61,"column":4},"end":{"line":63,"column":9}},"17":{"start":{"line":62,"column":8},"end":{"line":62,"column":15}},"18":{"start":{"line":64,"column":4},"end":{"line":77,"column":5}},"19":{"start":{"line":70,"column":8},"end":{"line":70,"column":14}},"20":{"start":{"line":76,"column":8},"end":{"line":76,"column":14}},"21":{"start":{"line":82,"column":4},"end":{"line":84,"column":9}},"22":{"start":{"line":83,"column":8},"end":{"line":83,"column":15}},"23":{"start":{"line":85,"column":4},"end":{"line":194,"column":5}},"24":{"start":{"line":91,"column":8},"end":{"line":99,"column":10}},"25":{"start":{"line":98,"column":12},"end":{"line":98,"column":35}},"26":{"start":{"line":102,"column":8},"end":{"line":104,"column":63}},"27":{"start":{"line":105,"column":8},"end":{"line":105,"column":14}},"28":{"start":{"line":112,"column":8},"end":{"line":121,"column":10},"skip":true},"29":{"start":{"line":119,"column":12},"end":{"line":119,"column":55},"skip":true},"30":{"start":{"line":120,"column":12},"end":{"line":120,"column":48},"skip":true},"31":{"start":{"line":123,"column":8},"end":{"line":136,"column":10},"skip":true},"32":{"start":{"line":130,"column":12},"end":{"line":130,"column":76},"skip":true},"33":{"start":{"line":131,"column":12},"end":{"line":131,"column":73},"skip":true},"34":{"start":{"line":132,"column":12},"end":{"line":132,"column":74},"skip":true},"35":{"start":{"line":133,"column":12},"end":{"line":133,"column":79},"skip":true},"36":{"start":{"line":134,"column":12},"end":{"line":134,"column":25},"skip":true},"37":{"start":{"line":135,"column":12},"end":{"line":135,"column":45},"skip":true},"38":{"start":{"line":138,"column":8},"end":{"line":145,"column":14},"skip":true},"39":{"start":{"line":143,"column":16},"end":{"line":143,"column":29},"skip":true},"40":{"start":{"line":144,"column":16},"end":{"line":144,"column":55},"skip":true},"41":{"start":{"line":147,"column":8},"end":{"line":156,"column":10},"skip":true},"42":{"start":{"line":154,"column":12},"end":{"line":154,"column":25},"skip":true},"43":{"start":{"line":155,"column":12},"end":{"line":155,"column":45},"skip":true},"44":{"start":{"line":158,"column":8},"end":{"line":167,"column":10},"skip":true},"45":{"start":{"line":165,"column":12},"end":{"line":165,"column":25},"skip":true},"46":{"start":{"line":166,"column":12},"end":{"line":166,"column":48},"skip":true},"47":{"start":{"line":169,"column":8},"end":{"line":178,"column":10},"skip":true},"48":{"start":{"line":176,"column":12},"end":{"line":176,"column":25},"skip":true},"49":{"start":{"line":177,"column":12},"end":{"line":177,"column":46},"skip":true},"50":{"start":{"line":180,"column":8},"end":{"line":189,"column":10},"skip":true},"51":{"start":{"line":187,"column":12},"end":{"line":187,"column":94},"skip":true},"52":{"start":{"line":188,"column":12},"end":{"line":188,"column":48},"skip":true},"53":{"start":{"line":192,"column":8},"end":{"line":192,"column":35},"skip":true},"54":{"start":{"line":193,"column":8},"end":{"line":193,"column":14},"skip":true}},"branchMap":{"1":{"line":25,"type":"binary-expr","locations":[{"start":{"line":25,"column":23},"end":{"line":25,"column":62}},{"start":{"line":26,"column":20},"end":{"line":26,"column":70}},{"start":{"line":27,"column":20},"end":{"line":27,"column":71}},{"start":{"line":28,"column":20},"end":{"line":28,"column":29}}]},"2":{"line":30,"type":"binary-expr","locations":[{"start":{"line":30,"column":23},"end":{"line":30,"column":37}},{"start":{"line":31,"column":20},"end":{"line":31,"column":61}},{"start":{"line":32,"column":20},"end":{"line":32,"column":70}},{"start":{"line":33,"column":20},"end":{"line":33,"column":26}}]},"3":{"line":37,"type":"cond-expr","locations":[{"start":{"line":38,"column":14},"end":{"line":38,"column":20}},{"start":{"line":39,"column":14},"end":{"line":39,"column":20}}]},"4":{"line":40,"type":"switch","locations":[{"start":{"line":42,"column":8},"end":{"line":47,"column":18}},{"start":{"line":49,"column":8},"end":{"line":52,"column":18}}]},"5":{"line":44,"type":"binary-expr","locations":[{"start":{"line":44,"column":16},"end":{"line":44,"column":44}},{"start":{"line":44,"column":48},"end":{"line":44,"column":66}}]},"6":{"line":50,"type":"binary-expr","locations":[{"start":{"line":50,"column":21},"end":{"line":50,"column":49}},{"start":{"line":50,"column":53},"end":{"line":50,"column":72}}]},"7":{"line":64,"type":"switch","locations":[{"start":{"line":69,"column":4},"end":{"line":70,"column":14}},{"start":{"line":75,"column":4},"end":{"line":76,"column":14}}]},"8":{"line":85,"type":"switch","locations":[{"start":{"line":90,"column":4},"end":{"line":105,"column":14}},{"start":{"line":111,"column":4},"end":{"line":193,"column":14},"skip":true}]},"9":{"line":91,"type":"binary-expr","locations":[{"start":{"line":91,"column":42},"end":{"line":91,"column":73}},{"start":{"line":91,"column":77},"end":{"line":99,"column":9}}]},"10":{"line":102,"type":"binary-expr","locations":[{"start":{"line":102,"column":18},"end":{"line":102,"column":32}},{"start":{"line":103,"column":12},"end":{"line":103,"column":53}},{"start":{"line":104,"column":12},"end":{"line":104,"column":61}}]},"11":{"line":112,"type":"binary-expr","locations":[{"start":{"line":112,"column":45},"end":{"line":112,"column":79},"skip":true},{"start":{"line":112,"column":83},"end":{"line":121,"column":9},"skip":true}]},"12":{"line":123,"type":"binary-expr","locations":[{"start":{"line":123,"column":42},"end":{"line":123,"column":73},"skip":true},{"start":{"line":123,"column":77},"end":{"line":136,"column":9},"skip":true}]},"13":{"line":138,"type":"binary-expr","locations":[{"start":{"line":138,"column":48},"end":{"line":138,"column":85},"skip":true},{"start":{"line":139,"column":12},"end":{"line":145,"column":13},"skip":true}]},"14":{"line":147,"type":"binary-expr","locations":[{"start":{"line":147,"column":42},"end":{"line":147,"column":73},"skip":true},{"start":{"line":147,"column":77},"end":{"line":156,"column":9},"skip":true}]},"15":{"line":158,"type":"binary-expr","locations":[{"start":{"line":158,"column":45},"end":{"line":158,"column":79},"skip":true},{"start":{"line":158,"column":83},"end":{"line":167,"column":9},"skip":true}]},"16":{"line":169,"type":"binary-expr","locations":[{"start":{"line":169,"column":43},"end":{"line":169,"column":75},"skip":true},{"start":{"line":169,"column":79},"end":{"line":178,"column":9},"skip":true}]},"17":{"line":180,"type":"binary-expr","locations":[{"start":{"line":180,"column":41},"end":{"line":180,"column":71},"skip":true},{"start":{"line":180,"column":75},"end":{"line":189,"column":9},"skip":true}]}},"code":["/* istanbul instrument in package npmtest_socializr */","/*jslint","    bitwise: true,","    browser: true,","    maxerr: 8,","    maxlen: 96,","    node: true,","    nomen: true,","    regexp: true,","    stupid: true","*/","(function () {","    'use strict';","    var local;","","","","    // run shared js-env code - pre-init","    (function () {","        // init local","        local = {};","        // init modeJs","        local.modeJs = (function () {","            try {","                return typeof navigator.userAgent === 'string' &&","                    typeof document.querySelector('body') === 'object' &&","                    typeof XMLHttpRequest.prototype.open === 'function' &&","                    'browser';","            } catch (errorCaughtBrowser) {","                return module.exports &&","                    typeof process.versions.node === 'string' &&","                    typeof require('http').createServer === 'function' &&","                    'node';","            }","        }());","        // init global","        local.global = local.modeJs === 'browser'","            ? window","            : global;","        switch (local.modeJs) {","        // re-init local from window.local","        case 'browser':","            local = local.global.utility2.objectSetDefault(","                local.global.utility2_rollup || local.global.local,","                local.global.utility2","            );","            break;","        // re-init local from example.js","        case 'node':","            local = (local.global.utility2_rollup || require('utility2'))","                .requireReadme();","            break;","        }","        // export local","        local.global.local = local;","    }());","","","","    // run shared js-env code - function","    (function () {","        return;","    }());","    switch (local.modeJs) {","","","","    // run browser js-env code - function","    case 'browser':","        break;","","","","    // run node js-env code - function","    case 'node':","        break;","    }","","","","    // run shared js-env code - post-init","    (function () {","        return;","    }());","    switch (local.modeJs) {","","","","    // run browser js-env code - post-init","    case 'browser':","        local.testCase_browser_nullCase = local.testCase_browser_nullCase || function (","            options,","            onError","        ) {","        /*","         * this function will test browsers's null-case handling-behavior-behavior","         */","            onError(null, options);","        };","","        // run tests","        local.nop(local.modeTest &&","            document.querySelector('#testRunButton1') &&","            document.querySelector('#testRunButton1').click());","        break;","","","","    // run node js-env code - post-init","    /* istanbul ignore next */","    case 'node':","        local.testCase_buildApidoc_default = local.testCase_buildApidoc_default || function (","            options,","            onError","        ) {","        /*","         * this function will test buildApidoc's default handling-behavior-behavior","         */","            options = { modulePathList: module.paths };","            local.buildApidoc(options, onError);","        };","","        local.testCase_buildApp_default = local.testCase_buildApp_default || function (","            options,","            onError","        ) {","        /*","         * this function will test buildApp's default handling-behavior-behavior","         */","            local.testCase_buildReadme_default(options, local.onErrorThrow);","            local.testCase_buildLib_default(options, local.onErrorThrow);","            local.testCase_buildTest_default(options, local.onErrorThrow);","            local.testCase_buildCustomOrg_default(options, local.onErrorThrow);","            options = [];","            local.buildApp(options, onError);","        };","","        local.testCase_buildCustomOrg_default = local.testCase_buildCustomOrg_default ||","            function (options, onError) {","            /*","             * this function will test buildCustomOrg's default handling-behavior","             */","                options = {};","                local.buildCustomOrg(options, onError);","            };","","        local.testCase_buildLib_default = local.testCase_buildLib_default || function (","            options,","            onError","        ) {","        /*","         * this function will test buildLib's default handling-behavior","         */","            options = {};","            local.buildLib(options, onError);","        };","","        local.testCase_buildReadme_default = local.testCase_buildReadme_default || function (","            options,","            onError","        ) {","        /*","         * this function will test buildReadme's default handling-behavior-behavior","         */","            options = {};","            local.buildReadme(options, onError);","        };","","        local.testCase_buildTest_default = local.testCase_buildTest_default || function (","            options,","            onError","        ) {","        /*","         * this function will test buildTest's default handling-behavior","         */","            options = {};","            local.buildTest(options, onError);","        };","","        local.testCase_webpage_default = local.testCase_webpage_default || function (","            options,","            onError","        ) {","        /*","         * this function will test webpage's default handling-behavior","         */","            options = { modeCoverageMerge: true, url: local.serverLocalHost + '?modeTest=1' };","            local.browserTest(options, onError);","        };","","        // run test-server","        local.testRunServer(local);","        break;","    }","}());",""],"l":{"12":2,"14":2,"19":2,"21":2,"23":2,"24":2,"25":2,"30":1,"37":2,"40":2,"43":1,"47":1,"50":1,"52":1,"55":2,"61":2,"62":2,"64":2,"70":1,"76":1,"82":2,"83":2,"85":2,"91":1,"98":1,"102":1,"105":1,"112":1,"119":1,"120":1,"123":1,"130":1,"131":1,"132":1,"133":1,"134":1,"135":1,"138":1,"143":2,"144":2,"147":1,"154":2,"155":2,"158":1,"165":2,"166":2,"169":1,"176":2,"177":2,"180":1,"187":1,"188":1,"192":1,"193":1}},"/home/travis/build/npmtest/node-npmtest-socializr/lib.npmtest_socializr.js":{"path":"/home/travis/build/npmtest/node-npmtest-socializr/lib.npmtest_socializr.js","s":{"1":2,"2":2,"3":2,"4":2,"5":2,"6":2,"7":2,"8":1,"9":2,"10":2,"11":2,"12":2,"13":1,"14":1,"15":1,"16":1},"b":{"1":[2,1,1,1],"2":[1,1,1,1],"3":[1,1],"4":[2,2],"5":[1,1]},"f":{"1":2,"2":2,"3":2},"fnMap":{"1":{"name":"(anonymous_1)","line":12,"loc":{"start":{"line":12,"column":1},"end":{"line":12,"column":13}}},"2":{"name":"(anonymous_2)","line":19,"loc":{"start":{"line":19,"column":5},"end":{"line":19,"column":17}}},"3":{"name":"(anonymous_3)","line":23,"loc":{"start":{"line":23,"column":24},"end":{"line":23,"column":36}}}},"statementMap":{"1":{"start":{"line":12,"column":0},"end":{"line":53,"column":5}},"2":{"start":{"line":14,"column":4},"end":{"line":14,"column":14}},"3":{"start":{"line":19,"column":4},"end":{"line":52,"column":9}},"4":{"start":{"line":21,"column":8},"end":{"line":21,"column":19}},"5":{"start":{"line":23,"column":8},"end":{"line":35,"column":13}},"6":{"start":{"line":24,"column":12},"end":{"line":34,"column":13}},"7":{"start":{"line":25,"column":16},"end":{"line":28,"column":30}},"8":{"start":{"line":30,"column":16},"end":{"line":33,"column":27}},"9":{"start":{"line":37,"column":8},"end":{"line":39,"column":21}},"10":{"start":{"line":41,"column":8},"end":{"line":41,"column":54}},"11":{"start":{"line":43,"column":8},"end":{"line":43,"column":54}},"12":{"start":{"line":45,"column":8},"end":{"line":51,"column":9}},"13":{"start":{"line":46,"column":12},"end":{"line":46,"column":60}},"14":{"start":{"line":48,"column":12},"end":{"line":48,"column":35}},"15":{"start":{"line":49,"column":12},"end":{"line":49,"column":49}},"16":{"start":{"line":50,"column":12},"end":{"line":50,"column":43}}},"branchMap":{"1":{"line":25,"type":"binary-expr","locations":[{"start":{"line":25,"column":23},"end":{"line":25,"column":62}},{"start":{"line":26,"column":20},"end":{"line":26,"column":70}},{"start":{"line":27,"column":20},"end":{"line":27,"column":71}},{"start":{"line":28,"column":20},"end":{"line":28,"column":29}}]},"2":{"line":30,"type":"binary-expr","locations":[{"start":{"line":30,"column":23},"end":{"line":30,"column":37}},{"start":{"line":31,"column":20},"end":{"line":31,"column":61}},{"start":{"line":32,"column":20},"end":{"line":32,"column":70}},{"start":{"line":33,"column":20},"end":{"line":33,"column":26}}]},"3":{"line":37,"type":"cond-expr","locations":[{"start":{"line":38,"column":14},"end":{"line":38,"column":20}},{"start":{"line":39,"column":14},"end":{"line":39,"column":20}}]},"4":{"line":41,"type":"binary-expr","locations":[{"start":{"line":41,"column":16},"end":{"line":41,"column":44}},{"start":{"line":41,"column":48},"end":{"line":41,"column":53}}]},"5":{"line":45,"type":"if","locations":[{"start":{"line":45,"column":8},"end":{"line":45,"column":8}},{"start":{"line":45,"column":8},"end":{"line":45,"column":8}}]}},"code":["/* istanbul instrument in package npmtest_socializr */","/*jslint","    bitwise: true,","    browser: true,","    maxerr: 8,","    maxlen: 96,","    node: true,","    nomen: true,","    regexp: true,","    stupid: true","*/","(function () {","    'use strict';","    var local;","","","","    // run shared js-env code - pre-init","    (function () {","        // init local","        local = {};","        // init modeJs","        local.modeJs = (function () {","            try {","                return typeof navigator.userAgent === 'string' &&","                    typeof document.querySelector('body') === 'object' &&","                    typeof XMLHttpRequest.prototype.open === 'function' &&","                    'browser';","            } catch (errorCaughtBrowser) {","                return module.exports &&","                    typeof process.versions.node === 'string' &&","                    typeof require('http').createServer === 'function' &&","                    'node';","            }","        }());","        // init global","        local.global = local.modeJs === 'browser'","            ? window","            : global;","        // init utility2_rollup","        local = local.global.utility2_rollup || local;","        // init lib","        local.local = local.npmtest_socializr = local;","        // init exports","        if (local.modeJs === 'browser') {","            local.global.utility2_npmtest_socializr = local;","        } else {","            module.exports = local;","            module.exports.__dirname = __dirname;","            module.exports.module = module;","        }","    }());","}());",""],"l":{"12":2,"14":2,"19":2,"21":2,"23":2,"24":2,"25":2,"30":1,"37":2,"41":2,"43":2,"45":2,"46":1,"48":1,"49":1,"50":1}},"/home/travis/build/npmtest/node-npmtest-socializr/example.js":{"path":"/home/travis/build/npmtest/node-npmtest-socializr/example.js","s":{"1":2,"2":2,"3":2,"4":2,"5":2,"6":2,"7":2,"8":1,"9":2,"10":2,"11":2,"12":2,"13":1,"14":2,"15":2,"16":2,"17":2,"18":2,"19":0,"20":2,"21":1,"22":1,"23":1,"24":1,"25":1,"26":0,"27":0,"28":1,"29":1,"30":2,"31":0,"32":0,"33":0,"34":1,"35":2,"36":2,"37":3,"38":3,"39":3,"40":3,"41":0,"42":3,"43":3,"44":3,"45":1,"46":3,"47":1,"48":1,"49":1,"50":1,"51":1,"52":1,"53":1,"54":1,"55":1,"56":1,"57":0,"58":1,"59":6,"60":6,"61":1,"62":2,"63":0,"64":2,"65":1,"66":1,"67":0,"68":0,"69":0,"70":0,"71":0,"72":0,"73":0,"74":0,"75":0,"76":0,"77":0,"78":0,"79":0,"80":0,"81":0,"82":0,"83":0},"b":{"1":[2,1,1,1],"2":[1,1,1,1],"3":[1,1],"4":[2,2],"5":[1,1],"6":[1,1],"7":[2,0],"8":[2,1,1,1,1,1],"9":[0,2,0],"10":[1,1],"11":[2,1,1],"12":[1,0],"13":[0,2],"14":[2,0,0,0,0,0,0],"15":[0,3],"16":[3,0],"17":[1,1],"18":[0,1],"19":[1,2,0,2],"20":[1,0],"21":[1,1],"22":[0,0],"23":[0,0],"24":[0,0],"25":[0,0],"26":[0,0],"27":[0,0],"28":[0,0]},"f":{"1":2,"2":2,"3":2,"4":2,"5":2,"6":2,"7":3,"8":3,"9":3,"10":1,"11":6,"12":0},"fnMap":{"1":{"name":"(anonymous_1)","line":26,"loc":{"start":{"line":26,"column":1},"end":{"line":26,"column":13}}},"2":{"name":"(anonymous_2)","line":33,"loc":{"start":{"line":33,"column":5},"end":{"line":33,"column":17}}},"3":{"name":"(anonymous_3)","line":37,"loc":{"start":{"line":37,"column":24},"end":{"line":37,"column":36}}},"4":{"name":"(anonymous_4)","line":69,"loc":{"start":{"line":69,"column":31},"end":{"line":69,"column":48}},"skip":true},"5":{"name":"(anonymous_5)","line":78,"loc":{"start":{"line":78,"column":26},"end":{"line":78,"column":45}},"skip":true},"6":{"name":"(anonymous_6)","line":123,"loc":{"start":{"line":123,"column":33},"end":{"line":123,"column":48}},"skip":true},"7":{"name":"(anonymous_7)","line":125,"loc":{"start":{"line":125,"column":27},"end":{"line":125,"column":39}},"skip":true},"8":{"name":"(anonymous_8)","line":133,"loc":{"start":{"line":133,"column":59},"end":{"line":133,"column":74}},"skip":true},"9":{"name":"(anonymous_9)","line":143,"loc":{"start":{"line":143,"column":45},"end":{"line":143,"column":62}},"skip":true},"10":{"name":"(anonymous_10)","line":144,"loc":{"start":{"line":144,"column":73},"end":{"line":144,"column":92}},"skip":true},"11":{"name":"(anonymous_11)","line":272,"loc":{"start":{"line":272,"column":51},"end":{"line":272,"column":77}},"skip":true},"12":{"name":"(anonymous_12)","line":315,"loc":{"start":{"line":315,"column":32},"end":{"line":315,"column":61}},"skip":true}},"statementMap":{"1":{"start":{"line":26,"column":0},"end":{"line":326,"column":5}},"2":{"start":{"line":28,"column":4},"end":{"line":28,"column":14}},"3":{"start":{"line":33,"column":4},"end":{"line":60,"column":9}},"4":{"start":{"line":35,"column":8},"end":{"line":35,"column":19}},"5":{"start":{"line":37,"column":8},"end":{"line":49,"column":13}},"6":{"start":{"line":38,"column":12},"end":{"line":48,"column":13}},"7":{"start":{"line":39,"column":16},"end":{"line":42,"column":30}},"8":{"start":{"line":44,"column":16},"end":{"line":47,"column":27}},"9":{"start":{"line":51,"column":8},"end":{"line":53,"column":21}},"10":{"start":{"line":55,"column":8},"end":{"line":57,"column":45}},"11":{"start":{"line":59,"column":8},"end":{"line":59,"column":35}},"12":{"start":{"line":61,"column":4},"end":{"line":325,"column":5}},"13":{"start":{"line":69,"column":8},"end":{"line":121,"column":10},"skip":true},"14":{"start":{"line":70,"column":12},"end":{"line":88,"column":13},"skip":true},"15":{"start":{"line":76,"column":16},"end":{"line":87,"column":19},"skip":true},"16":{"start":{"line":79,"column":20},"end":{"line":86,"column":21},"skip":true},"17":{"start":{"line":82,"column":24},"end":{"line":82,"column":43},"skip":true},"18":{"start":{"line":83,"column":24},"end":{"line":83,"column":30},"skip":true},"19":{"start":{"line":85,"column":24},"end":{"line":85,"column":49},"skip":true},"20":{"start":{"line":89,"column":12},"end":{"line":107,"column":13},"skip":true},"21":{"start":{"line":92,"column":16},"end":{"line":102,"column":17},"skip":true},"22":{"start":{"line":93,"column":20},"end":{"line":93,"column":86},"skip":true},"23":{"start":{"line":94,"column":20},"end":{"line":95,"column":45},"skip":true},"24":{"start":{"line":96,"column":20},"end":{"line":96,"column":42},"skip":true},"25":{"start":{"line":97,"column":20},"end":{"line":97,"column":48},"skip":true},"26":{"start":{"line":100,"column":20},"end":{"line":100,"column":85},"skip":true},"27":{"start":{"line":101,"column":20},"end":{"line":101,"column":96},"skip":true},"28":{"start":{"line":103,"column":16},"end":{"line":103,"column":22},"skip":true},"29":{"start":{"line":106,"column":16},"end":{"line":106,"column":22},"skip":true},"30":{"start":{"line":108,"column":12},"end":{"line":120,"column":13},"skip":true},"31":{"start":{"line":114,"column":16},"end":{"line":119,"column":17},"skip":true},"32":{"start":{"line":116,"column":20},"end":{"line":116,"column":78},"skip":true},"33":{"start":{"line":118,"column":20},"end":{"line":118,"column":47},"skip":true},"34":{"start":{"line":123,"column":8},"end":{"line":141,"column":11},"skip":true},"35":{"start":{"line":124,"column":12},"end":{"line":124,"column":54},"skip":true},"36":{"start":{"line":125,"column":12},"end":{"line":140,"column":14},"skip":true},"37":{"start":{"line":126,"column":16},"end":{"line":126,"column":28},"skip":true},"38":{"start":{"line":127,"column":16},"end":{"line":127,"column":69},"skip":true},"39":{"start":{"line":128,"column":16},"end":{"line":128,"column":75},"skip":true},"40":{"start":{"line":129,"column":16},"end":{"line":131,"column":17},"skip":true},"41":{"start":{"line":130,"column":20},"end":{"line":130,"column":27},"skip":true},"42":{"start":{"line":133,"column":16},"end":{"line":137,"column":36},"skip":true},"43":{"start":{"line":134,"column":20},"end":{"line":136,"column":55},"skip":true},"44":{"start":{"line":139,"column":16},"end":{"line":139,"column":57},"skip":true},"45":{"start":{"line":143,"column":8},"end":{"line":147,"column":11},"skip":true},"46":{"start":{"line":144,"column":12},"end":{"line":146,"column":15},"skip":true},"47":{"start":{"line":145,"column":16},"end":{"line":145,"column":70},"skip":true},"48":{"start":{"line":149,"column":8},"end":{"line":149,"column":31},"skip":true},"49":{"start":{"line":150,"column":8},"end":{"line":150,"column":14},"skip":true},"50":{"start":{"line":158,"column":8},"end":{"line":158,"column":31},"skip":true},"51":{"start":{"line":160,"column":8},"end":{"line":160,"column":33},"skip":true},"52":{"start":{"line":161,"column":8},"end":{"line":161,"column":37},"skip":true},"53":{"start":{"line":162,"column":8},"end":{"line":162,"column":35},"skip":true},"54":{"start":{"line":164,"column":8},"end":{"line":164,"column":50},"skip":true},"55":{"start":{"line":166,"column":8},"end":{"line":256,"column":2},"skip":true},"56":{"start":{"line":258,"column":8},"end":{"line":286,"column":9},"skip":true},"57":{"start":{"line":259,"column":12},"end":{"line":269,"column":14},"skip":true},"58":{"start":{"line":271,"column":12},"end":{"line":285,"column":19},"skip":true},"59":{"start":{"line":274,"column":20},"end":{"line":274,"column":35},"skip":true},"60":{"start":{"line":275,"column":20},"end":{"line":284,"column":21},"skip":true},"61":{"start":{"line":277,"column":24},"end":{"line":277,"column":64},"skip":true},"62":{"start":{"line":279,"column":24},"end":{"line":279,"column":40},"skip":true},"63":{"start":{"line":281,"column":24},"end":{"line":281,"column":40},"skip":true},"64":{"start":{"line":283,"column":24},"end":{"line":283,"column":39},"skip":true},"65":{"start":{"line":288,"column":8},"end":{"line":290,"column":9},"skip":true},"66":{"start":{"line":289,"column":12},"end":{"line":289,"column":18},"skip":true},"67":{"start":{"line":291,"column":8},"end":{"line":293,"column":54},"skip":true},"68":{"start":{"line":296,"column":8},"end":{"line":301,"column":37},"skip":true},"69":{"start":{"line":303,"column":8},"end":{"line":303,"column":82},"skip":true},"70":{"start":{"line":306,"column":8},"end":{"line":308,"column":9},"skip":true},"71":{"start":{"line":307,"column":12},"end":{"line":307,"column":82},"skip":true},"72":{"start":{"line":310,"column":8},"end":{"line":312,"column":9},"skip":true},"73":{"start":{"line":311,"column":12},"end":{"line":311,"column":18},"skip":true},"74":{"start":{"line":313,"column":8},"end":{"line":313,"column":54},"skip":true},"75":{"start":{"line":314,"column":8},"end":{"line":314,"column":69},"skip":true},"76":{"start":{"line":315,"column":8},"end":{"line":323,"column":36},"skip":true},"77":{"start":{"line":316,"column":12},"end":{"line":316,"column":61},"skip":true},"78":{"start":{"line":317,"column":12},"end":{"line":320,"column":13},"skip":true},"79":{"start":{"line":318,"column":16},"end":{"line":318,"column":75},"skip":true},"80":{"start":{"line":319,"column":16},"end":{"line":319,"column":23},"skip":true},"81":{"start":{"line":321,"column":12},"end":{"line":321,"column":38},"skip":true},"82":{"start":{"line":322,"column":12},"end":{"line":322,"column":27},"skip":true},"83":{"start":{"line":324,"column":8},"end":{"line":324,"column":14},"skip":true}},"branchMap":{"1":{"line":39,"type":"binary-expr","locations":[{"start":{"line":39,"column":23},"end":{"line":39,"column":62}},{"start":{"line":40,"column":20},"end":{"line":40,"column":70}},{"start":{"line":41,"column":20},"end":{"line":41,"column":71}},{"start":{"line":42,"column":20},"end":{"line":42,"column":29}}]},"2":{"line":44,"type":"binary-expr","locations":[{"start":{"line":44,"column":23},"end":{"line":44,"column":37}},{"start":{"line":45,"column":20},"end":{"line":45,"column":61}},{"start":{"line":46,"column":20},"end":{"line":46,"column":70}},{"start":{"line":47,"column":20},"end":{"line":47,"column":26}}]},"3":{"line":51,"type":"cond-expr","locations":[{"start":{"line":52,"column":14},"end":{"line":52,"column":20}},{"start":{"line":53,"column":14},"end":{"line":53,"column":20}}]},"4":{"line":55,"type":"binary-expr","locations":[{"start":{"line":55,"column":16},"end":{"line":55,"column":44}},{"start":{"line":55,"column":49},"end":{"line":57,"column":43}}]},"5":{"line":55,"type":"cond-expr","locations":[{"start":{"line":56,"column":14},"end":{"line":56,"column":53}},{"start":{"line":57,"column":14},"end":{"line":57,"column":43}}]},"6":{"line":61,"type":"switch","locations":[{"start":{"line":68,"column":4},"end":{"line":150,"column":14},"skip":true},{"start":{"line":156,"column":4},"end":{"line":324,"column":14},"skip":true}]},"7":{"line":70,"type":"if","locations":[{"start":{"line":70,"column":12},"end":{"line":70,"column":12},"skip":true},{"start":{"line":70,"column":12},"end":{"line":70,"column":12},"skip":true}]},"8":{"line":70,"type":"binary-expr","locations":[{"start":{"line":70,"column":16},"end":{"line":70,"column":22},"skip":true},{"start":{"line":70,"column":27},"end":{"line":70,"column":32},"skip":true},{"start":{"line":71,"column":20},"end":{"line":71,"column":39},"skip":true},{"start":{"line":72,"column":20},"end":{"line":72,"column":49},"skip":true},{"start":{"line":73,"column":20},"end":{"line":73,"column":58},"skip":true},{"start":{"line":74,"column":20},"end":{"line":74,"column":69},"skip":true}]},"9":{"line":79,"type":"switch","locations":[{"start":{"line":80,"column":20},"end":{"line":80,"column":33},"skip":true},{"start":{"line":81,"column":20},"end":{"line":83,"column":30},"skip":true},{"start":{"line":84,"column":20},"end":{"line":85,"column":49},"skip":true}]},"10":{"line":89,"type":"switch","locations":[{"start":{"line":90,"column":12},"end":{"line":103,"column":22},"skip":true},{"start":{"line":105,"column":12},"end":{"line":106,"column":22},"skip":true}]},"11":{"line":89,"type":"binary-expr","locations":[{"start":{"line":89,"column":20},"end":{"line":89,"column":25},"skip":true},{"start":{"line":89,"column":29},"end":{"line":89,"column":48},"skip":true},{"start":{"line":89,"column":52},"end":{"line":89,"column":74},"skip":true}]},"12":{"line":92,"type":"if","locations":[{"start":{"line":92,"column":16},"end":{"line":92,"column":16},"skip":true},{"start":{"line":92,"column":16},"end":{"line":92,"column":16},"skip":true}]},"13":{"line":108,"type":"if","locations":[{"start":{"line":108,"column":12},"end":{"line":108,"column":12},"skip":true},{"start":{"line":108,"column":12},"end":{"line":108,"column":12},"skip":true}]},"14":{"line":108,"type":"binary-expr","locations":[{"start":{"line":108,"column":16},"end":{"line":108,"column":61},"skip":true},{"start":{"line":108,"column":66},"end":{"line":108,"column":72},"skip":true},{"start":{"line":108,"column":77},"end":{"line":108,"column":82},"skip":true},{"start":{"line":109,"column":20},"end":{"line":109,"column":39},"skip":true},{"start":{"line":110,"column":20},"end":{"line":110,"column":49},"skip":true},{"start":{"line":111,"column":20},"end":{"line":111,"column":58},"skip":true},{"start":{"line":112,"column":20},"end":{"line":112,"column":68},"skip":true}]},"15":{"line":129,"type":"if","locations":[{"start":{"line":129,"column":16},"end":{"line":129,"column":16},"skip":true},{"start":{"line":129,"column":16},"end":{"line":129,"column":16},"skip":true}]},"16":{"line":134,"type":"cond-expr","locations":[{"start":{"line":135,"column":26},"end":{"line":135,"column":29},"skip":true},{"start":{"line":136,"column":26},"end":{"line":136,"column":54},"skip":true}]},"17":{"line":164,"type":"binary-expr","locations":[{"start":{"line":164,"column":27},"end":{"line":164,"column":43},"skip":true},{"start":{"line":164,"column":47},"end":{"line":164,"column":49},"skip":true}]},"18":{"line":258,"type":"if","locations":[{"start":{"line":258,"column":8},"end":{"line":258,"column":8},"skip":true},{"start":{"line":258,"column":8},"end":{"line":258,"column":8},"skip":true}]},"19":{"line":275,"type":"switch","locations":[{"start":{"line":276,"column":20},"end":{"line":277,"column":64},"skip":true},{"start":{"line":278,"column":20},"end":{"line":279,"column":40},"skip":true},{"start":{"line":280,"column":20},"end":{"line":281,"column":40},"skip":true},{"start":{"line":282,"column":20},"end":{"line":283,"column":39},"skip":true}]},"20":{"line":288,"type":"if","locations":[{"start":{"line":288,"column":8},"end":{"line":288,"column":8},"skip":true},{"start":{"line":288,"column":8},"end":{"line":288,"column":8},"skip":true}]},"21":{"line":288,"type":"binary-expr","locations":[{"start":{"line":288,"column":12},"end":{"line":288,"column":40},"skip":true},{"start":{"line":288,"column":44},"end":{"line":288,"column":67},"skip":true}]},"22":{"line":292,"type":"binary-expr","locations":[{"start":{"line":292,"column":12},"end":{"line":292,"column":50},"skip":true},{"start":{"line":293,"column":12},"end":{"line":293,"column":53},"skip":true}]},"23":{"line":297,"type":"binary-expr","locations":[{"start":{"line":297,"column":12},"end":{"line":297,"column":67},"skip":true},{"start":{"line":298,"column":12},"end":{"line":301,"column":36},"skip":true}]},"24":{"line":303,"type":"binary-expr","locations":[{"start":{"line":303,"column":43},"end":{"line":303,"column":75},"skip":true},{"start":{"line":303,"column":79},"end":{"line":303,"column":81},"skip":true}]},"25":{"line":306,"type":"if","locations":[{"start":{"line":306,"column":8},"end":{"line":306,"column":8},"skip":true},{"start":{"line":306,"column":8},"end":{"line":306,"column":8},"skip":true}]},"26":{"line":310,"type":"if","locations":[{"start":{"line":310,"column":8},"end":{"line":310,"column":8},"skip":true},{"start":{"line":310,"column":8},"end":{"line":310,"column":8},"skip":true}]},"27":{"line":313,"type":"binary-expr","locations":[{"start":{"line":313,"column":27},"end":{"line":313,"column":43},"skip":true},{"start":{"line":313,"column":47},"end":{"line":313,"column":53},"skip":true}]},"28":{"line":317,"type":"if","locations":[{"start":{"line":317,"column":12},"end":{"line":317,"column":12},"skip":true},{"start":{"line":317,"column":12},"end":{"line":317,"column":12},"skip":true}]}},"code":["/*","example.js","","quickstart example","","instruction","    1. save this script as example.js","    2. run the shell command:","        $ npm install npmtest-socializr && PORT=8081 node example.js","    3. play with the browser-demo on http://127.0.0.1:8081","*/","","","","/* istanbul instrument in package npmtest_socializr */","/*jslint","    bitwise: true,","    browser: true,","    maxerr: 8,","    maxlen: 96,","    node: true,","    nomen: true,","    regexp: true,","    stupid: true","*/","(function () {","    'use strict';","    var local;","","","","    // run shared js-env code - pre-init","    (function () {","        // init local","        local = {};","        // init modeJs","        local.modeJs = (function () {","            try {","                return typeof navigator.userAgent === 'string' &&","                    typeof document.querySelector('body') === 'object' &&","                    typeof XMLHttpRequest.prototype.open === 'function' &&","                    'browser';","            } catch (errorCaughtBrowser) {","                return module.exports &&","                    typeof process.versions.node === 'string' &&","                    typeof require('http').createServer === 'function' &&","                    'node';","            }","        }());","        // init global","        local.global = local.modeJs === 'browser'","            ? window","            : global;","        // init utility2_rollup","        local = local.global.utility2_rollup || (local.modeJs === 'browser'","            ? local.global.utility2_npmtest_socializr","            : global.utility2_moduleExports);","        // export local","        local.global.local = local;","    }());","    switch (local.modeJs) {","","","","    // post-init","    // run browser js-env code - post-init","    /* istanbul ignore next */","    case 'browser':","        local.testRunBrowser = function (event) {","            if (!event || (event &&","                    event.currentTarget &&","                    event.currentTarget.className &&","                    event.currentTarget.className.includes &&","                    event.currentTarget.className.includes('onreset'))) {","                // reset output","                Array.from(","                    document.querySelectorAll('body > .resettable')","                ).forEach(function (element) {","                    switch (element.tagName) {","                    case 'INPUT':","                    case 'TEXTAREA':","                        element.value = '';","                        break;","                    default:","                        element.textContent = '';","                    }","                });","            }","            switch (event && event.currentTarget && event.currentTarget.id) {","            case 'testRunButton1':","                // show tests","                if (document.querySelector('#testReportDiv1').style.display === 'none') {","                    document.querySelector('#testReportDiv1').style.display = 'block';","                    document.querySelector('#testRunButton1').textContent =","                        'hide internal test';","                    local.modeTest = true;","                    local.testRunDefault(local);","                // hide tests","                } else {","                    document.querySelector('#testReportDiv1').style.display = 'none';","                    document.querySelector('#testRunButton1').textContent = 'run internal test';","                }","                break;","            // custom-case","            default:","                break;","            }","            if (document.querySelector('#inputTextareaEval1') && (!event || (event &&","                    event.currentTarget &&","                    event.currentTarget.className &&","                    event.currentTarget.className.includes &&","                    event.currentTarget.className.includes('oneval')))) {","                // try to eval input-code","                try {","                    /*jslint evil: true*/","                    eval(document.querySelector('#inputTextareaEval1').value);","                } catch (errorCaught) {","                    console.error(errorCaught);","                }","            }","        };","        // log stderr and stdout to #outputTextareaStdout1","        ['error', 'log'].forEach(function (key) {","            console[key + '_original'] = console[key];","            console[key] = function () {","                var element;","                console[key + '_original'].apply(console, arguments);","                element = document.querySelector('#outputTextareaStdout1');","                if (!element) {","                    return;","                }","                // append text to #outputTextareaStdout1","                element.value += Array.from(arguments).map(function (arg) {","                    return typeof arg === 'string'","                        ? arg","                        : JSON.stringify(arg, null, 4);","                }).join(' ') + '\\n';","                // scroll textarea to bottom","                element.scrollTop = element.scrollHeight;","            };","        });","        // init event-handling","        ['change', 'click', 'keyup'].forEach(function (event) {","            Array.from(document.querySelectorAll('.on' + event)).forEach(function (element) {","                element.addEventListener(event, local.testRunBrowser);","            });","        });","        // run tests","        local.testRunBrowser();","        break;","","","","    // run node js-env code - post-init","    /* istanbul ignore next */","    case 'node':","        // export local","        module.exports = local;","        // require modules","        local.fs = require('fs');","        local.http = require('http');","        local.url = require('url');","        // init assets","        local.assetsDict = local.assetsDict || {};","        /* jslint-ignore-begin */","        local.assetsDict['/assets.index.template.html'] = '\\","<!doctype html>\\n\\","<html lang=\"en\">\\n\\","<head>\\n\\","<meta charset=\"UTF-8\">\\n\\","<meta name=\"viewport\" content=\"width=device-width, initial-scale=1\">\\n\\","<title>{{env.npm_package_name}} (v{{env.npm_package_version}})</title>\\n\\","<style>\\n\\","/*csslint\\n\\","    box-sizing: false,\\n\\","    universal-selector: false\\n\\","*/\\n\\","* {\\n\\","    box-sizing: border-box;\\n\\","}\\n\\","body {\\n\\","    background: #dde;\\n\\","    font-family: Arial, Helvetica, sans-serif;\\n\\","    margin: 2rem;\\n\\","}\\n\\","body > * {\\n\\","    margin-bottom: 1rem;\\n\\","}\\n\\",".utility2FooterDiv {\\n\\","    margin-top: 20px;\\n\\","    text-align: center;\\n\\","}\\n\\","</style>\\n\\","<style>\\n\\","/*csslint\\n\\","*/\\n\\","textarea {\\n\\","    font-family: monospace;\\n\\","    height: 10rem;\\n\\","    width: 100%;\\n\\","}\\n\\","textarea[readonly] {\\n\\","    background: #ddd;\\n\\","}\\n\\","</style>\\n\\","</head>\\n\\","<body>\\n\\","<!-- utility2-comment\\n\\","<div id=\"ajaxProgressDiv1\" style=\"background: #d00; height: 2px; left: 0; margin: 0; padding: 0; position: fixed; top: 0; transition: background 0.5s, width 1.5s; width: 25%;\"></div>\\n\\","utility2-comment -->\\n\\","<h1>\\n\\","<!-- utility2-comment\\n\\","    <a\\n\\","        {{#if env.npm_package_homepage}}\\n\\","        href=\"{{env.npm_package_homepage}}\"\\n\\","        {{/if env.npm_package_homepage}}\\n\\","        target=\"_blank\"\\n\\","    >\\n\\","utility2-comment -->\\n\\","        {{env.npm_package_name}} (v{{env.npm_package_version}})\\n\\","<!-- utility2-comment\\n\\","    </a>\\n\\","utility2-comment -->\\n\\","</h1>\\n\\","<h3>{{env.npm_package_description}}</h3>\\n\\","<!-- utility2-comment\\n\\","<h4><a download href=\"assets.app.js\">download standalone app</a></h4>\\n\\","<button class=\"onclick onreset\" id=\"testRunButton1\">run internal test</button><br>\\n\\","<div id=\"testReportDiv1\" style=\"display: none;\"></div>\\n\\","utility2-comment -->\\n\\","\\n\\","\\n\\","\\n\\","<label>stderr and stdout</label>\\n\\","<textarea class=\"resettable\" id=\"outputTextareaStdout1\" readonly></textarea>\\n\\","<!-- utility2-comment\\n\\","{{#if isRollup}}\\n\\","<script src=\"assets.app.js\"></script>\\n\\","{{#unless isRollup}}\\n\\","utility2-comment -->\\n\\","<script src=\"assets.utility2.rollup.js\"></script>\\n\\","<script src=\"jsonp.utility2._stateInit?callback=window.utility2._stateInit\"></script>\\n\\","<script src=\"assets.npmtest_socializr.rollup.js\"></script>\\n\\","<script src=\"assets.example.js\"></script>\\n\\","<script src=\"assets.test.js\"></script>\\n\\","<!-- utility2-comment\\n\\","{{/if isRollup}}\\n\\","utility2-comment -->\\n\\","<div class=\"utility2FooterDiv\">\\n\\","    [ this app was created with\\n\\","    <a href=\"https://github.com/kaizhu256/node-utility2\" target=\"_blank\">utility2</a>\\n\\","    ]\\n\\","</div>\\n\\","</body>\\n\\","</html>\\n\\","';","        /* jslint-ignore-end */","        if (local.templateRender) {","            local.assetsDict['/'] = local.templateRender(","                local.assetsDict['/assets.index.template.html'],","                {","                    env: local.objectSetDefault(local.env, {","                        npm_package_description: 'the greatest app in the world!',","                        npm_package_name: 'my-app',","                        npm_package_nameAlias: 'my_app',","                        npm_package_version: '0.0.1'","                    })","                }","            );","        } else {","            local.assetsDict['/'] = local.assetsDict['/assets.index.template.html']","                .replace((/\\{\\{env\\.(\\w+?)\\}\\}/g), function (match0, match1) {","                    // jslint-hack","                    String(match0);","                    switch (match1) {","                    case 'npm_package_description':","                        return 'the greatest app in the world!';","                    case 'npm_package_name':","                        return 'my-app';","                    case 'npm_package_nameAlias':","                        return 'my_app';","                    case 'npm_package_version':","                        return '0.0.1';","                    }","                });","        }","        // run the cli","        if (local.global.utility2_rollup || module !== require.main) {","            break;","        }","        local.assetsDict['/assets.example.js'] =","            local.assetsDict['/assets.example.js'] ||","            local.fs.readFileSync(__filename, 'utf8');","        // bug-workaround - long $npm_package_buildCustomOrg","        /* jslint-ignore-begin */","        local.assetsDict['/assets.npmtest_socializr.rollup.js'] =","            local.assetsDict['/assets.npmtest_socializr.rollup.js'] ||","            local.fs.readFileSync(","                local.npmtest_socializr.__dirname + '/lib.npmtest_socializr.js',","                'utf8'","            ).replace((/^#!/), '//');","        /* jslint-ignore-end */","        local.assetsDict['/favicon.ico'] = local.assetsDict['/favicon.ico'] || '';","        // if $npm_config_timeout_exit exists,","        // then exit this process after $npm_config_timeout_exit ms","        if (Number(process.env.npm_config_timeout_exit)) {","            setTimeout(process.exit, Number(process.env.npm_config_timeout_exit));","        }","        // start server","        if (local.global.utility2_serverHttp1) {","            break;","        }","        process.env.PORT = process.env.PORT || '8081';","        console.error('server starting on port ' + process.env.PORT);","        local.http.createServer(function (request, response) {","            request.urlParsed = local.url.parse(request.url);","            if (local.assetsDict[request.urlParsed.pathname] !== undefined) {","                response.end(local.assetsDict[request.urlParsed.pathname]);","                return;","            }","            response.statusCode = 404;","            response.end();","        }).listen(process.env.PORT);","        break;","    }","}());",""],"l":{"26":2,"28":2,"33":2,"35":2,"37":2,"38":2,"39":2,"44":1,"51":2,"55":2,"59":2,"61":2,"69":1,"70":2,"76":2,"79":2,"82":2,"83":2,"85":1,"89":2,"92":1,"93":1,"94":1,"96":1,"97":1,"100":1,"101":1,"103":1,"106":1,"108":2,"114":1,"116":1,"118":1,"123":1,"124":2,"125":2,"126":3,"127":3,"128":3,"129":3,"130":1,"133":3,"134":3,"139":3,"143":1,"144":3,"145":1,"149":1,"150":1,"158":1,"160":1,"161":1,"162":1,"164":1,"166":1,"258":1,"259":1,"271":1,"274":6,"275":6,"277":1,"279":2,"281":1,"283":2,"288":1,"289":1,"291":1,"296":1,"303":1,"306":1,"307":1,"310":1,"311":1,"313":1,"314":1,"315":1,"316":1,"317":1,"318":1,"319":1,"321":1,"322":1,"324":1}},"/home/travis/build/npmtest/node-npmtest-socializr/node_modules/socializr/index.js":{"path":"/home/travis/build/npmtest/node-npmtest-socializr/node_modules/socializr/index.js","s":{"1":1},"b":{},"f":{},"fnMap":{},"statementMap":{"1":{"start":{"line":1,"column":0},"end":{"line":1,"column":44}}},"branchMap":{},"code":["module.exports = require('./lib/socializr');",""],"l":{"1":1}},"/home/travis/build/npmtest/node-npmtest-socializr/node_modules/socializr/lib/socializr.js":{"path":"/home/travis/build/npmtest/node-npmtest-socializr/node_modules/socializr/lib/socializr.js","s":{"1":1,"2":1,"3":1,"4":1,"5":0,"6":0,"7":0,"8":1,"9":1,"10":0,"11":0,"12":0,"13":0,"14":0,"15":1,"16":0,"17":0,"18":0,"19":0,"20":0,"21":1,"22":0,"23":0,"24":1,"25":0,"26":0,"27":1,"28":0,"29":1,"30":0,"31":0,"32":0,"33":0,"34":0,"35":0,"36":0,"37":1,"38":1,"39":1,"40":1,"41":1},"b":{"1":[0,0],"2":[0,0],"3":[0,0]},"f":{"1":0,"2":0,"3":0,"4":0,"5":0,"6":0,"7":0,"8":0,"9":0,"10":0},"fnMap":{"1":{"name":"(anonymous_1)","line":25,"loc":{"start":{"line":25,"column":17},"end":{"line":25,"column":36}}},"2":{"name":"(anonymous_2)","line":38,"loc":{"start":{"line":38,"column":29},"end":{"line":38,"column":53}}},"3":{"name":"(anonymous_3)","line":47,"loc":{"start":{"line":47,"column":31},"end":{"line":47,"column":55}}},"4":{"name":"(anonymous_4)","line":56,"loc":{"start":{"line":56,"column":31},"end":{"line":56,"column":50}}},"5":{"name":"(anonymous_5)","line":70,"loc":{"start":{"line":70,"column":33},"end":{"line":70,"column":64}}},"6":{"name":"(anonymous_6)","line":79,"loc":{"start":{"line":79,"column":17},"end":{"line":79,"column":36}}},"7":{"name":"(anonymous_7)","line":87,"loc":{"start":{"line":87,"column":25},"end":{"line":87,"column":35}}},"8":{"name":"(anonymous_8)","line":88,"loc":{"start":{"line":88,"column":9},"end":{"line":88,"column":33}}},"9":{"name":"(anonymous_9)","line":90,"loc":{"start":{"line":90,"column":19},"end":{"line":90,"column":34}}},"10":{"name":"(anonymous_10)","line":93,"loc":{"start":{"line":93,"column":18},"end":{"line":93,"column":28}}}},"statementMap":{"1":{"start":{"line":1,"column":0},"end":{"line":12,"column":1}},"2":{"start":{"line":17,"column":0},"end":{"line":17,"column":48}},"3":{"start":{"line":18,"column":0},"end":{"line":18,"column":47}},"4":{"start":{"line":25,"column":0},"end":{"line":33,"column":2}},"5":{"start":{"line":27,"column":2},"end":{"line":27,"column":81}},"6":{"start":{"line":29,"column":2},"end":{"line":31,"column":5}},"7":{"start":{"line":32,"column":2},"end":{"line":32,"column":29}},"8":{"start":{"line":34,"column":0},"end":{"line":34,"column":36}},"9":{"start":{"line":38,"column":0},"end":{"line":45,"column":2}},"10":{"start":{"line":39,"column":2},"end":{"line":39,"column":51}},"11":{"start":{"line":40,"column":2},"end":{"line":40,"column":18}},"12":{"start":{"line":41,"column":2},"end":{"line":44,"column":3}},"13":{"start":{"line":42,"column":4},"end":{"line":42,"column":113}},"14":{"start":{"line":43,"column":4},"end":{"line":43,"column":56}},"15":{"start":{"line":47,"column":0},"end":{"line":54,"column":2}},"16":{"start":{"line":48,"column":2},"end":{"line":48,"column":51}},"17":{"start":{"line":49,"column":2},"end":{"line":49,"column":18}},"18":{"start":{"line":50,"column":2},"end":{"line":53,"column":3}},"19":{"start":{"line":51,"column":4},"end":{"line":51,"column":92}},"20":{"start":{"line":52,"column":4},"end":{"line":52,"column":58}},"21":{"start":{"line":56,"column":0},"end":{"line":59,"column":2}},"22":{"start":{"line":57,"column":2},"end":{"line":57,"column":70}},"23":{"start":{"line":58,"column":2},"end":{"line":58,"column":34}},"24":{"start":{"line":70,"column":0},"end":{"line":73,"column":2}},"25":{"start":{"line":71,"column":2},"end":{"line":71,"column":20}},"26":{"start":{"line":72,"column":2},"end":{"line":72,"column":9}},"27":{"start":{"line":79,"column":0},"end":{"line":81,"column":2}},"28":{"start":{"line":80,"column":2},"end":{"line":80,"column":34}},"29":{"start":{"line":87,"column":0},"end":{"line":98,"column":2}},"30":{"start":{"line":88,"column":2},"end":{"line":97,"column":4}},"31":{"start":{"line":89,"column":4},"end":{"line":89,"column":18}},"32":{"start":{"line":90,"column":4},"end":{"line":92,"column":7}},"33":{"start":{"line":91,"column":6},"end":{"line":91,"column":20}},"34":{"start":{"line":93,"column":4},"end":{"line":95,"column":7}},"35":{"start":{"line":94,"column":6},"end":{"line":94,"column":22}},"36":{"start":{"line":96,"column":4},"end":{"line":96,"column":11}},"37":{"start":{"line":105,"column":0},"end":{"line":105,"column":39}},"38":{"start":{"line":111,"column":0},"end":{"line":111,"column":35}},"39":{"start":{"line":116,"column":0},"end":{"line":116,"column":36}},"40":{"start":{"line":122,"column":0},"end":{"line":122,"column":38}},"41":{"start":{"line":127,"column":0},"end":{"line":127,"column":40}}},"branchMap":{"1":{"line":27,"type":"cond-expr","locations":[{"start":{"line":27,"column":61},"end":{"line":27,"column":77}},{"start":{"line":27,"column":78},"end":{"line":27,"column":79}}]},"2":{"line":39,"type":"cond-expr","locations":[{"start":{"line":39,"column":35},"end":{"line":39,"column":40}},{"start":{"line":39,"column":43},"end":{"line":39,"column":50}}]},"3":{"line":48,"type":"cond-expr","locations":[{"start":{"line":48,"column":35},"end":{"line":48,"column":40}},{"start":{"line":48,"column":43},"end":{"line":48,"column":50}}]}},"code":["var debug = require('debug')('socializr:core')","  , https = require('https')","  , http = require('http')","  , stream = require('stream')","  , util     = require('util')","  , PubSub = require('./auth/pubsub')","  , Transform = stream.Transform","  , Twitter = require('./providers/twitter')","  , Facebook = require('./providers/facebook')","  , Instagram = require('./providers/instagram')","  , GooglePlus = require('./providers/gplus')",";","","/**"," * Set maximum number of socket connections allowed"," */","https.globalAgent.maxSockets = Number.MAX_VALUE;","http.globalAgent.maxSockets = Number.MAX_VALUE;","","","","/**"," *"," */","var Socializr  = function(providers){","","  debug('Initializing socializr with %s providers',providers?providers.length:0);","","  Transform.call(this, {","    objectMode: true","  });","  this.providers = providers;","};","util.inherits(Socializr, Transform);","","","","Socializr.prototype.stream = function(request, auths){","  auths = auths instanceof Array ? auths : [auths];","  var self = this;","  for (var i = auths.length - 1; i >= 0; i--) {","    debug('Streaming data %j from %j with uuid %s',request,auths[i]._provider.__proto__,auths[i]._provider.uuid);","    auths[i]._provider.stream( request, auths[i], this);","  };","};","","Socializr.prototype.unstream = function(request, auths){","  auths = auths instanceof Array ? auths : [auths];","  var self = this;","  for (var i = auths.length - 1; i >= 0; i--) {","    debug('Unstreaming data %j from provider with uuid %s',request,auths[i]._provider.uuid);","    auths[i]._provider.unstream( request, auths[i], this);","  };","};","","Socializr.prototype._onError = function(err, conn){","  debug('Socializr captured an error %j with connection %s',err,conn);","  this.emit('warning', err, conn);","};","","","/**","  *","  *","  * @param","  * @api private","  * @method _transform","  * @memberOf Socializr","  */","Socializr.prototype._transform = function(chunk, encoding, done){","  this.push( chunk);","  done();","};","","","/**"," *"," */","module.exports = function(providers){","  return new Socializr(providers);","};","","","/**"," *"," */","module.exports.rawBody = function(){","  return function(req, res, next){","    var data = '';","    req.on('data', function(chunk){","      data += chunk;","    });","    req.on('end', function(){","      req.text = data;","    });","    next();","  };","};","","","","/**"," *"," */","module.exports.Socializr   = Socializr;","","","/**"," *"," */","module.exports.Twitter   = Twitter;","","/**"," *"," */","module.exports.Facebook  = Facebook;","","","/**"," *"," */","module.exports.Instagram  = Instagram;","","/**"," *"," */","module.exports.GooglePlus  = GooglePlus;",""],"l":{"1":1,"17":1,"18":1,"25":1,"27":0,"29":0,"32":0,"34":1,"38":1,"39":0,"40":0,"41":0,"42":0,"43":0,"47":1,"48":0,"49":0,"50":0,"51":0,"52":0,"56":1,"57":0,"58":0,"70":1,"71":0,"72":0,"79":1,"80":0,"87":1,"88":0,"89":0,"90":0,"91":0,"93":0,"94":0,"96":0,"105":1,"111":1,"116":1,"122":1,"127":1}},"/home/travis/build/npmtest/node-npmtest-socializr/node_modules/socializr/lib/auth/pubsub.js":{"path":"/home/travis/build/npmtest/node-npmtest-socializr/node_modules/socializr/lib/auth/pubsub.js","s":{"1":1,"2":1,"3":0,"4":0,"5":0,"6":0,"7":0,"8":0,"9":1,"10":1,"11":0,"12":0,"13":0,"14":0,"15":0,"16":1,"17":0,"18":0,"19":0,"20":1,"21":0,"22":0,"23":0,"24":1,"25":0,"26":0,"27":0,"28":0,"29":0,"30":1,"31":0,"32":0,"33":0,"34":0,"35":0,"36":0,"37":1},"b":{"1":[0,0],"2":[0,0],"3":[0,0],"4":[0,0],"5":[0,0]},"f":{"1":0,"2":0,"3":0,"4":0,"5":0,"6":0,"7":0,"8":0},"fnMap":{"1":{"name":"PubSubConnection","line":10,"loc":{"start":{"line":10,"column":0},"end":{"line":10,"column":41}}},"2":{"name":"(anonymous_2)","line":23,"loc":{"start":{"line":23,"column":43},"end":{"line":23,"column":58}}},"3":{"name":"(anonymous_3)","line":33,"loc":{"start":{"line":33,"column":41},"end":{"line":33,"column":51}}},"4":{"name":"(anonymous_4)","line":39,"loc":{"start":{"line":39,"column":46},"end":{"line":39,"column":71}}},"5":{"name":"(anonymous_5)","line":48,"loc":{"start":{"line":48,"column":36},"end":{"line":48,"column":46}}},"6":{"name":"(anonymous_6)","line":50,"loc":{"start":{"line":50,"column":8},"end":{"line":50,"column":26}}},"7":{"name":"(anonymous_7)","line":59,"loc":{"start":{"line":59,"column":42},"end":{"line":59,"column":52}}},"8":{"name":"(anonymous_8)","line":61,"loc":{"start":{"line":61,"column":9},"end":{"line":61,"column":33}}}},"statementMap":{"1":{"start":{"line":1,"column":0},"end":{"line":6,"column":1}},"2":{"start":{"line":10,"column":0},"end":{"line":20,"column":1}},"3":{"start":{"line":11,"column":2},"end":{"line":13,"column":3}},"4":{"start":{"line":12,"column":4},"end":{"line":12,"column":45}},"5":{"start":{"line":14,"column":2},"end":{"line":14,"column":26}},"6":{"start":{"line":15,"column":2},"end":{"line":15,"column":23}},"7":{"start":{"line":16,"column":2},"end":{"line":16,"column":26}},"8":{"start":{"line":17,"column":2},"end":{"line":19,"column":5}},"9":{"start":{"line":21,"column":0},"end":{"line":21,"column":43}},"10":{"start":{"line":23,"column":0},"end":{"line":30,"column":2}},"11":{"start":{"line":24,"column":2},"end":{"line":24,"column":27}},"12":{"start":{"line":25,"column":2},"end":{"line":28,"column":3}},"13":{"start":{"line":26,"column":4},"end":{"line":26,"column":44}},"14":{"start":{"line":27,"column":4},"end":{"line":27,"column":16}},"15":{"start":{"line":29,"column":2},"end":{"line":29,"column":15}},"16":{"start":{"line":33,"column":0},"end":{"line":37,"column":2}},"17":{"start":{"line":34,"column":2},"end":{"line":34,"column":42}},"18":{"start":{"line":35,"column":2},"end":{"line":35,"column":61}},"19":{"start":{"line":36,"column":2},"end":{"line":36,"column":27}},"20":{"start":{"line":39,"column":0},"end":{"line":46,"column":2}},"21":{"start":{"line":40,"column":2},"end":{"line":40,"column":55}},"22":{"start":{"line":41,"column":2},"end":{"line":44,"column":4}},"23":{"start":{"line":45,"column":2},"end":{"line":45,"column":63}},"24":{"start":{"line":48,"column":0},"end":{"line":57,"column":2}},"25":{"start":{"line":49,"column":1},"end":{"line":49,"column":18}},"26":{"start":{"line":50,"column":1},"end":{"line":56,"column":3}},"27":{"start":{"line":51,"column":3},"end":{"line":55,"column":4}},"28":{"start":{"line":52,"column":5},"end":{"line":52,"column":43}},"29":{"start":{"line":54,"column":5},"end":{"line":54,"column":19}},"30":{"start":{"line":59,"column":0},"end":{"line":71,"column":2}},"31":{"start":{"line":60,"column":2},"end":{"line":60,"column":19}},"32":{"start":{"line":61,"column":2},"end":{"line":70,"column":4}},"33":{"start":{"line":62,"column":4},"end":{"line":69,"column":5}},"34":{"start":{"line":65,"column":6},"end":{"line":65,"column":35}},"35":{"start":{"line":66,"column":6},"end":{"line":66,"column":20}},"36":{"start":{"line":68,"column":6},"end":{"line":68,"column":20}},"37":{"start":{"line":74,"column":0},"end":{"line":74,"column":34}}},"branchMap":{"1":{"line":11,"type":"if","locations":[{"start":{"line":11,"column":2},"end":{"line":11,"column":2}},{"start":{"line":11,"column":2},"end":{"line":11,"column":2}}]},"2":{"line":25,"type":"if","locations":[{"start":{"line":25,"column":2},"end":{"line":25,"column":2}},{"start":{"line":25,"column":2},"end":{"line":25,"column":2}}]},"3":{"line":42,"type":"cond-expr","locations":[{"start":{"line":42,"column":30},"end":{"line":42,"column":34}},{"start":{"line":42,"column":37},"end":{"line":42,"column":57}}]},"4":{"line":51,"type":"if","locations":[{"start":{"line":51,"column":3},"end":{"line":51,"column":3}},{"start":{"line":51,"column":3},"end":{"line":51,"column":3}}]},"5":{"line":62,"type":"if","locations":[{"start":{"line":62,"column":4},"end":{"line":62,"column":4}},{"start":{"line":62,"column":4},"end":{"line":62,"column":4}}]}},"code":["var util     = require('util')","  , crypto   = require('crypto')","  , stream   = require('stream')","  , Transform= stream.Transform","  , oauth1a  = require('../auth/oauth1a')",";","","","","function PubSubConnection(secret, stream){","  if( !secret){","    throw new Error('Invalid client secret.')","  }","  this.appSecret = secret;","  this.stream = stream;","  this._verifyTokens = {};","  Transform.call(this, {","    objectMode: false","  });","};","util.inherits(PubSubConnection, Transform);","","PubSubConnection.prototype.isVerifyToken = function(token){","  token = token.toString();","  if(this._verifyTokens[ token]==token){","    delete this._verifyTokens[ token]==token","    return true;","  }","  return false;","};","","","PubSubConnection.prototype.verifyToken = function(){","  this._verifyToken = oauth1a.makeNonce();","  this._verifyTokens[ this._verifyToken] = this._verifyToken;","  return this._verifyToken;","};","","PubSubConnection.prototype.isSignatureValid = function(data, signature){","  var hmac = crypto.createHmac('sha1', this.appSecret);","  hmac.update(","    typeof data == 'string' ? data : JSON.stringify(data),","    'utf8'","  );","  return signature.replace(/^sha1=/i,'') == hmac.digest('hex');","};","","PubSubConnection.prototype.verify = function(){"," var _this = this;"," return function(req, res){","   if( _this.isVerifyToken( req.query['hub.verify_token'])){","     res.send( req.query['hub.challenge']);","   }else {","     res.send(401);","   }"," };","};","","PubSubConnection.prototype.subscription = function(){","  var _this = this;","  return function(req, res, next){","    if( _this.isSignatureValid(","        req.text, req.get('x-hub-signature'))","      ){","      _this.stream.write(req.body);","      res.send(200);","    }else{","      res.send(401);","    }","  };","};","","","module.exports = PubSubConnection;",""],"l":{"1":1,"10":1,"11":0,"12":0,"14":0,"15":0,"16":0,"17":0,"21":1,"23":1,"24":0,"25":0,"26":0,"27":0,"29":0,"33":1,"34":0,"35":0,"36":0,"39":1,"40":0,"41":0,"45":0,"48":1,"49":0,"50":0,"51":0,"52":0,"54":0,"59":1,"60":0,"61":0,"62":0,"65":0,"66":0,"68":0,"74":1}},"/home/travis/build/npmtest/node-npmtest-socializr/node_modules/socializr/lib/auth/oauth1a.js":{"path":"/home/travis/build/npmtest/node-npmtest-socializr/node_modules/socializr/lib/auth/oauth1a.js","s":{"1":1,"2":1,"3":0,"4":0,"5":0,"6":0,"7":0,"8":0,"9":0,"10":0,"11":0,"12":0,"13":0,"14":0,"15":0,"16":0,"17":0,"18":0,"19":0,"20":0,"21":0,"22":0,"23":0,"24":0,"25":0,"26":0},"b":{"1":[0,0],"2":[0,0]},"f":{"1":0,"2":0,"3":0,"4":0,"5":0,"6":0,"7":0},"fnMap":{"1":{"name":"(anonymous_1)","line":29,"loc":{"start":{"line":29,"column":12},"end":{"line":29,"column":40}}},"2":{"name":"(anonymous_2)","line":50,"loc":{"start":{"line":50,"column":14},"end":{"line":50,"column":37}}},"3":{"name":"(anonymous_3)","line":70,"loc":{"start":{"line":70,"column":21},"end":{"line":70,"column":57}}},"4":{"name":"(anonymous_4)","line":86,"loc":{"start":{"line":86,"column":12},"end":{"line":86,"column":45}}},"5":{"name":"(anonymous_5)","line":100,"loc":{"start":{"line":100,"column":11},"end":{"line":100,"column":40}}},"6":{"name":"(anonymous_6)","line":111,"loc":{"start":{"line":111,"column":11},"end":{"line":111,"column":21}}},"7":{"name":"(anonymous_7)","line":128,"loc":{"start":{"line":128,"column":19},"end":{"line":128,"column":33}}}},"statementMap":{"1":{"start":{"line":4,"column":0},"end":{"line":7,"column":1}},"2":{"start":{"line":14,"column":0},"end":{"line":149,"column":2}},"3":{"start":{"line":30,"column":2},"end":{"line":30,"column":40}},"4":{"start":{"line":31,"column":2},"end":{"line":31,"column":16}},"5":{"start":{"line":32,"column":2},"end":{"line":36,"column":3}},"6":{"start":{"line":33,"column":4},"end":{"line":35,"column":6}},"7":{"start":{"line":37,"column":2},"end":{"line":37,"column":14}},"8":{"start":{"line":38,"column":2},"end":{"line":38,"column":36}},"9":{"start":{"line":51,"column":2},"end":{"line":51,"column":34}},"10":{"start":{"line":52,"column":2},"end":{"line":52,"column":24}},"11":{"start":{"line":53,"column":2},"end":{"line":57,"column":3}},"12":{"start":{"line":54,"column":4},"end":{"line":56,"column":6}},"13":{"start":{"line":58,"column":2},"end":{"line":58,"column":22}},"14":{"start":{"line":59,"column":2},"end":{"line":59,"column":32}},"15":{"start":{"line":71,"column":2},"end":{"line":75,"column":16}},"16":{"start":{"line":87,"column":2},"end":{"line":90,"column":14}},"17":{"start":{"line":101,"column":2},"end":{"line":103,"column":28}},"18":{"start":{"line":112,"column":2},"end":{"line":112,"column":51}},"19":{"start":{"line":113,"column":2},"end":{"line":117,"column":3}},"20":{"start":{"line":114,"column":4},"end":{"line":116,"column":6}},"21":{"start":{"line":118,"column":2},"end":{"line":118,"column":24}},"22":{"start":{"line":129,"column":2},"end":{"line":136,"column":3}},"23":{"start":{"line":137,"column":2},"end":{"line":139,"column":3}},"24":{"start":{"line":138,"column":4},"end":{"line":138,"column":36}},"25":{"start":{"line":140,"column":2},"end":{"line":145,"column":3}},"26":{"start":{"line":146,"column":2},"end":{"line":146,"column":45}}},"branchMap":{"1":{"line":89,"type":"cond-expr","locations":[{"start":{"line":89,"column":18},"end":{"line":89,"column":49}},{"start":{"line":89,"column":52},"end":{"line":89,"column":54}}]},"2":{"line":137,"type":"if","locations":[{"start":{"line":137,"column":2},"end":{"line":137,"column":2}},{"start":{"line":137,"column":2},"end":{"line":137,"column":2}}]}},"code":["/*!"," * Module dependencies."," */","var _ = require('underscore')","  , crypto = require('crypto')","  , nonceChars = 'abcdefghijklmnopqrstuvwxyzABCDEFGHIJKLMNOPQRSTUVWXYZ0123456789'",";","","","/**"," *"," * Export lib"," */","module.exports = {","","/**"," * OAuth Spec version conformance"," *"," */","  OAUTH_VERSION: '1.0a',","","/**"," * Generate OAuth header string."," *"," * @params {Object} params"," * @params {String} signature"," * @return {String}"," */","authHeader: function( params, signature){","  params['oauth_signature'] = signature;","  var auth = [];","  for( var k in params){","    auth.push(","      encodeURIComponent(k)+'=\"'+encodeURIComponent( params[k])+'\"'","    );","  }","  auth.sort();","  return 'OAuth ' + auth.join(', ');","},","","","/**"," * Generate OAuth compatible representation"," * of data and header values for signing."," *"," * @params {Object} data"," * @params {Object} params"," * @return {String}"," */","paramsString: function( data, params){","  params = _.extend(data, params);","  var paramsString = [];","  for( var k in params){","    paramsString.push(","      encodeURIComponent(k)+'='+encodeURIComponent(params[ k])","    );","  }","  paramsString.sort();","  return paramsString.join('&');","},","","/**","  * Generate base string for creating OAuth signature","  *","  * @params {String} method","  * @params {String} url","  * @params {String} paramsString","  * @return {String}","  */","signatureBaseString: function( method, url, paramsString){","  return [","      method.toUpperCase(),","      encodeURIComponent(url),","      encodeURIComponent(paramsString)","    ].join('&');","},","","","/**","  * Generate OAuth 1.0a signing key","  *","  * @params {String} appSecret Application/ Client secret","  * @params {String} tokenSecret User access token secret","  * @return {String}","  */","signingKey: function( appSecret, tokenSecret){","  return [","    encodeURIComponent(appSecret),","    tokenSecret ? encodeURIComponent(tokenSecret) : ''","  ].join('&');","},","","/**"," * Generate OAuth 1.0a signature"," *"," * @params {String} signatureBase"," * @params {String} key"," * @return {String} Base64 encoded string encrypted with SHA1"," */","signature: function( signatureBase, key){","  return crypto.createHmac(\"sha1\", key)","          .update(signatureBase)","          .digest(\"base64\");","},","","/**"," * Random 32 bit string"," *"," * @return {String}"," */","makeNonce: function(){","  var nonce = [], nonceRange = nonceChars.length-1;","  while( nonce.length<32){","    nonce.push(","      nonceChars[ Math.round(Math.random()*nonceRange)]","    );","  }","  return nonce.join('');","},","","/**"," * Generate OAuth 1.0a Authorization header string"," * from parameters"," *"," * @params {Object} opts"," * @return {String} Authorization string"," */","createAuthHeaders: function(opts){","  var params = {","        oauth_nonce:            this.makeNonce(),","        oauth_timestamp:        Date.now()/1000,","        oauth_consumer_key:     opts.appKey,","        oauth_signature_method: 'HMAC-SHA1',","        oauth_version:          '1.0'","      }","  ;","  if( opts.token){","    params.oauth_token = opts.token;","  }","  var paramsString  = this.paramsString(opts.data, params)","    , sigBaseString = this.signatureBaseString( opts.method, opts.url, paramsString)","","    , signingKey    = this.signingKey( opts.appSecret, opts.tokenSecret)","    , signature     = this.signature( sigBaseString, signingKey)","  ;","  return this.authHeader( params, signature);","}","","};",""],"l":{"4":1,"14":1,"30":0,"31":0,"32":0,"33":0,"37":0,"38":0,"51":0,"52":0,"53":0,"54":0,"58":0,"59":0,"71":0,"87":0,"101":0,"112":0,"113":0,"114":0,"118":0,"129":0,"137":0,"138":0,"140":0,"146":0}},"/home/travis/build/npmtest/node-npmtest-socializr/node_modules/socializr/lib/providers/twitter.js":{"path":"/home/travis/build/npmtest/node-npmtest-socializr/node_modules/socializr/lib/providers/twitter.js","s":{"1":1,"2":1,"3":0,"4":0,"5":0,"6":1,"7":0,"8":1,"9":0,"10":1,"11":0,"12":0,"13":0,"14":0,"15":0,"16":0,"17":0,"18":0,"19":0,"20":0,"21":0,"22":0,"23":0,"24":0,"25":0,"26":0,"27":0,"28":0,"29":0,"30":1,"31":1,"32":0,"33":0,"34":0,"35":0,"36":0,"37":0,"38":0,"39":0,"40":0,"41":0,"42":0,"43":0,"44":0,"45":0,"46":0,"47":0,"48":0,"49":0,"50":0,"51":0,"52":0,"53":0,"54":0,"55":1,"56":0,"57":1,"58":0,"59":0,"60":0,"61":0,"62":0,"63":0,"64":0,"65":0,"66":0,"67":0,"68":0,"69":0,"70":0,"71":0,"72":0,"73":0,"74":0,"75":0,"76":0,"77":0,"78":0,"79":0,"80":0,"81":0,"82":1,"83":0,"84":1,"85":0,"86":0,"87":0,"88":0,"89":0,"90":0,"91":0,"92":0,"93":0,"94":0,"95":1,"96":0,"97":0,"98":0,"99":0,"100":0,"101":1,"102":0,"103":0,"104":0,"105":0,"106":0,"107":1,"108":0,"109":0,"110":0,"111":0,"112":0,"113":0,"114":0,"115":0,"116":0,"117":0,"118":0,"119":0,"120":0,"121":0,"122":1,"123":0,"124":1,"125":0,"126":0,"127":0,"128":0,"129":0,"130":0,"131":0,"132":0,"133":0,"134":0,"135":1,"136":0,"137":0,"138":0,"139":0,"140":0,"141":0,"142":0,"143":0,"144":0,"145":0,"146":0,"147":0,"148":0,"149":0,"150":0,"151":0,"152":0,"153":1,"154":0,"155":0,"156":0,"157":0,"158":0,"159":0,"160":0,"161":0,"162":1,"163":0,"164":0,"165":0,"166":0,"167":1,"168":0,"169":0,"170":0,"171":0,"172":1,"173":0,"174":0,"175":0,"176":0,"177":0,"178":0,"179":0,"180":1,"181":0,"182":0,"183":0,"184":0,"185":0,"186":0,"187":0,"188":0,"189":0,"190":0,"191":0,"192":0,"193":0,"194":0,"195":0,"196":0,"197":0,"198":0,"199":0,"200":0,"201":1,"202":0,"203":0,"204":0,"205":0,"206":0,"207":0,"208":0,"209":0,"210":0,"211":0,"212":0,"213":0,"214":0,"215":0,"216":0,"217":0,"218":0,"219":0,"220":1,"221":0,"222":0,"223":0,"224":0,"225":0,"226":0,"227":0,"228":0,"229":0,"230":0,"231":0,"232":0,"233":0,"234":0,"235":0,"236":0,"237":0,"238":0,"239":1,"240":0,"241":1,"242":0,"243":0,"244":0,"245":0,"246":0,"247":1,"248":0,"249":0,"250":0,"251":0,"252":0,"253":1,"254":0,"255":0,"256":0,"257":0,"258":0,"259":1,"260":0,"261":0,"262":0,"263":0,"264":0,"265":1,"266":0,"267":0,"268":0,"269":1,"270":0,"271":0,"272":0,"273":0,"274":1,"275":0,"276":0,"277":0,"278":0,"279":0,"280":0,"281":0,"282":0,"283":1,"284":0,"285":0,"286":0,"287":0,"288":0,"289":0,"290":1,"291":1,"292":0,"293":0,"294":0,"295":0,"296":0,"297":0,"298":0,"299":0,"300":0,"301":1,"302":0,"303":0,"304":0,"305":0,"306":0,"307":1,"308":0,"309":0,"310":0,"311":0,"312":0,"313":1,"314":0,"315":0,"316":0,"317":0,"318":0,"319":0,"320":0,"321":0,"322":0,"323":0,"324":0,"325":0,"326":1,"327":0,"328":0,"329":0,"330":0,"331":0,"332":0,"333":0,"334":0,"335":0,"336":0,"337":0,"338":0,"339":1,"340":0,"341":0,"342":0,"343":0,"344":0,"345":0,"346":1,"347":1,"348":0,"349":1,"350":0,"351":1,"352":0,"353":1,"354":0,"355":0,"356":1,"357":0,"358":0,"359":0,"360":0,"361":0,"362":0,"363":0,"364":0,"365":0,"366":0,"367":0,"368":0,"369":0,"370":0,"371":0,"372":0,"373":1,"374":0,"375":0,"376":0,"377":0,"378":0,"379":0,"380":0,"381":0,"382":1,"383":0,"384":1,"385":0,"386":0,"387":0,"388":0,"389":0,"390":0,"391":0,"392":1,"393":1},"b":{"1":[0,0],"2":[0,0,0],"3":[0,0],"4":[0,0,0,0],"5":[0,0],"6":[0,0,0,0],"7":[0,0],"8":[0,0],"9":[0,0],"10":[0,0,0,0,0],"11":[0,0],"12":[0,0],"13":[0,0],"14":[0,0],"15":[0,0,0,0,0,0],"16":[0,0,0,0],"17":[0,0],"18":[0,0],"19":[0,0],"20":[0,0],"21":[0,0],"22":[0,0],"23":[0,0],"24":[0,0],"25":[0,0],"26":[0,0],"27":[0,0,0,0],"28":[0,0],"29":[0,0],"30":[0,0],"31":[0,0],"32":[0,0],"33":[0,0],"34":[0,0],"35":[0,0],"36":[0,0],"37":[0,0],"38":[0,0],"39":[0,0],"40":[0,0],"41":[0,0],"42":[0,0],"43":[0,0],"44":[0,0],"45":[0,0],"46":[0,0],"47":[0,0],"48":[0,0],"49":[0,0],"50":[0,0],"51":[0,0],"52":[0,0],"53":[0,0],"54":[0,0],"55":[0,0],"56":[0,0],"57":[0,0],"58":[0,0],"59":[0,0],"60":[0,0],"61":[0,0,0],"62":[0,0],"63":[0,0,0,0],"64":[0,0],"65":[0,0],"66":[0,0],"67":[0,0],"68":[0,0],"69":[0,0],"70":[0,0,0,0],"71":[0,0],"72":[0,0],"73":[0,0],"74":[0,0],"75":[0,0],"76":[0,0],"77":[0,0]},"f":{"1":0,"2":0,"3":0,"4":0,"5":0,"6":0,"7":0,"8":0,"9":0,"10":0,"11":0,"12":0,"13":0,"14":0,"15":0,"16":0,"17":0,"18":0,"19":0,"20":0,"21":0,"22":0,"23":0,"24":0,"25":0,"26":0,"27":0,"28":0,"29":0,"30":0,"31":0,"32":0,"33":0,"34":0,"35":0,"36":0,"37":0,"38":0,"39":0,"40":0,"41":0,"42":0,"43":0,"44":0,"45":0,"46":0,"47":0,"48":0,"49":0,"50":0,"51":0,"52":0,"53":0,"54":0,"55":0,"56":0},"fnMap":{"1":{"name":"md5","line":92,"loc":{"start":{"line":92,"column":0},"end":{"line":92,"column":17}}},"2":{"name":"hostname","line":104,"loc":{"start":{"line":104,"column":0},"end":{"line":104,"column":22}}},"3":{"name":"path","line":114,"loc":{"start":{"line":114,"column":0},"end":{"line":114,"column":18}}},"4":{"name":"TwitterStream","line":127,"loc":{"start":{"line":127,"column":0},"end":{"line":127,"column":41}}},"5":{"name":"(anonymous_5)","line":177,"loc":{"start":{"line":177,"column":31},"end":{"line":177,"column":41}}},"6":{"name":"(anonymous_6)","line":231,"loc":{"start":{"line":231,"column":38},"end":{"line":231,"column":48}}},"7":{"name":"(anonymous_7)","line":244,"loc":{"start":{"line":244,"column":37},"end":{"line":244,"column":53}}},"8":{"name":"(anonymous_8)","line":275,"loc":{"start":{"line":275,"column":36},"end":{"line":275,"column":46}}},"9":{"name":"(anonymous_9)","line":278,"loc":{"start":{"line":278,"column":21},"end":{"line":278,"column":31}}},"10":{"name":"(anonymous_10)","line":285,"loc":{"start":{"line":285,"column":53},"end":{"line":285,"column":63}}},"11":{"name":"(anonymous_11)","line":297,"loc":{"start":{"line":297,"column":47},"end":{"line":297,"column":63}}},"12":{"name":"(anonymous_12)","line":301,"loc":{"start":{"line":301,"column":16},"end":{"line":301,"column":29}}},"13":{"name":"(anonymous_13)","line":306,"loc":{"start":{"line":306,"column":24},"end":{"line":306,"column":35}}},"14":{"name":"(anonymous_14)","line":319,"loc":{"start":{"line":319,"column":36},"end":{"line":319,"column":47}}},"15":{"name":"(anonymous_15)","line":325,"loc":{"start":{"line":325,"column":15},"end":{"line":325,"column":25}}},"16":{"name":"(anonymous_16)","line":344,"loc":{"start":{"line":344,"column":48},"end":{"line":344,"column":85}}},"17":{"name":"(anonymous_17)","line":391,"loc":{"start":{"line":391,"column":45},"end":{"line":391,"column":61}}},"18":{"name":"(anonymous_18)","line":429,"loc":{"start":{"line":429,"column":45},"end":{"line":429,"column":58}}},"19":{"name":"(anonymous_19)","line":447,"loc":{"start":{"line":447,"column":46},"end":{"line":447,"column":59}}},"20":{"name":"(anonymous_20)","line":479,"loc":{"start":{"line":479,"column":43},"end":{"line":479,"column":56}}},"21":{"name":"(anonymous_21)","line":532,"loc":{"start":{"line":532,"column":37},"end":{"line":532,"column":50}}},"22":{"name":"(anonymous_22)","line":551,"loc":{"start":{"line":551,"column":43},"end":{"line":551,"column":53}}},"23":{"name":"(anonymous_23)","line":554,"loc":{"start":{"line":554,"column":26},"end":{"line":554,"column":36}}},"24":{"name":"(anonymous_24)","line":560,"loc":{"start":{"line":560,"column":49},"end":{"line":560,"column":59}}},"25":{"name":"(anonymous_25)","line":569,"loc":{"start":{"line":569,"column":39},"end":{"line":569,"column":49}}},"26":{"name":"tick","line":573,"loc":{"start
[...]
rr, res);","  });","};","","","","Instagram.prototype._apiRequest = function(endpoint, method, data, cb){","  var url = IG_API_URL + endpoint;","  switch( method.toUpperCase()){","","    case 'GET':","","      request.get(url)","        .query(data)","        .end( function(err,res){","          cb&&cb(err,res);","        });","      break;","","    case 'POST':","","      request.post(url)","        .type('form')","        .send(data)","        .end( function(err,res){","          cb&&cb(err,res);","        });","","      break;","","    case 'DELETE':","","      request.del(url)","        .query(data)","        .end( function(err,res){","          cb&&cb(err,res);","        });","      break;","  }","","};","","","module.exports = Instagram;",""],"l":{"1":1,"28":1,"30":0,"34":0,"38":0,"39":0,"40":0,"42":0,"43":0,"45":0,"46":0,"48":1,"51":1,"52":0,"53":0,"54":0,"57":0,"59":0,"60":0,"61":0,"62":0,"66":0,"67":0,"68":0,"71":0,"74":1,"76":0,"77":0,"78":0,"79":0,"80":0,"81":0,"84":0,"87":1,"88":0,"89":0,"93":1,"95":0,"106":0,"108":0,"111":0,"114":0,"117":0,"120":0,"125":0,"128":0,"129":0,"130":0,"134":1,"136":0,"142":0,"147":0,"149":0,"151":0,"153":0,"154":0,"156":0,"157":0,"158":0,"160":0,"162":0,"163":0,"164":0,"165":0,"171":0,"178":0,"183":1,"184":0,"188":0,"192":1,"194":0,"198":0,"201":0,"203":0,"204":0,"206":0,"207":0,"208":0,"209":0,"210":0,"215":0,"218":0,"220":0,"221":0,"229":1,"230":0,"231":0,"232":0,"233":0,"234":0,"237":0,"241":1,"242":0,"245":0,"249":1,"250":0,"253":0,"257":1,"258":0,"260":0,"264":1,"265":0,"269":0,"273":1,"274":0,"276":0,"280":1,"281":0,"284":0,"290":1,"291":0,"292":0,"296":0,"299":0,"301":0,"305":0,"309":0,"312":0,"316":0,"319":0,"321":0,"327":1}},"/home/travis/build/npmtest/node-npmtest-socializr/node_modules/socializr/lib/providers/gplus.js":{"path":"/home/travis/build/npmtest/node-npmtest-socializr/node_modules/socializr/lib/providers/gplus.js","s":{"1":1,"2":1,"3":0,"4":0,"5":0,"6":0,"7":0,"8":0,"9":0,"10":0,"11":0,"12":0,"13":0,"14":0,"15":1,"16":1,"17":0,"18":0,"19":1,"20":0,"21":0,"22":0,"23":0,"24":0,"25":0,"26":1,"27":0,"28":0,"29":0,"30":0,"31":0,"32":0,"33":1,"34":0,"35":0,"36":0,"37":0,"38":0,"39":0,"40":0,"41":0,"42":0,"43":0,"44":0,"45":0,"46":0,"47":0,"48":0,"49":1,"50":0,"51":0,"52":0,"53":0,"54":0,"55":1,"56":0,"57":0,"58":0,"59":0,"60":1,"61":0,"62":0,"63":1,"64":0,"65":0,"66":1,"67":0,"68":0,"69":0,"70":0,"71":0,"72":0,"73":0,"74":1,"75":0,"76":0,"77":0,"78":0,"79":0,"80":0,"81":1,"82":0,"83":0,"84":0,"85":0,"86":0,"87":0,"88":0,"89":1,"90":0,"91":1},"b":{"1":[0,0],"2":[0,0],"3":[0,0],"4":[0,0],"5":[0,0],"6":[0,0],"7":[0,0],"8":[0,0],"9":[0,0],"10":[0,0],"11":[0,0],"12":[0,0],"13":[0,0],"14":[0,0],"15":[0,0]},"f":{"1":0,"2":0,"3":0,"4":0,"5":0,"6":0,"7":0,"8":0,"9":0,"10":0,"11":0,"12":0,"13":0,"14":0,"15":0,"16":0,"17":0,"18":0,"19":0},"fnMap":{"1":{"name":"GooglePlus","line":25,"loc":{"start":{"line":25,"column":0},"end":{"line":25,"column":28}}},"2":{"name":"(anonymous_2)","line":43,"loc":{"start":{"line":43,"column":52},"end":{"line":43,"column":62}}},"3":{"name":"(anonymous_3)","line":52,"loc":{"start":{"line":52,"column":31},"end":{"line":52,"column":66}}},"4":{"name":"(anonymous_4)","line":60,"loc":{"start":{"line":60,"column":45},"end":{"line":60,"column":88}}},"5":{"name":"(anonymous_5)","line":97,"loc":{"start":{"line":97,"column":43},"end":{"line":97,"column":56}}},"6":{"name":"(anonymous_6)","line":112,"loc":{"start":{"line":112,"column":34},"end":{"line":112,"column":47}}},"7":{"name":"(anonymous_7)","line":120,"loc":{"start":{"line":120,"column":30},"end":{"line":120,"column":44}}},"8":{"name":"(anonymous_8)","line":124,"loc":{"start":{"line":124,"column":29},"end":{"line":124,"column":39}}},"9":{"name":"(anonymous_9)","line":133,"loc":{"start":{"line":133,"column":21},"end":{"line":133,"column":37}}},"10":{"name":"(anonymous_10)","line":137,"loc":{"start":{"line":137,"column":20},"end":{"line":137,"column":30}}},"11":{"name":"(anonymous_11)","line":145,"loc":{"start":{"line":145,"column":29},"end":{"line":145,"column":39}}},"12":{"name":"(anonymous_12)","line":157,"loc":{"start":{"line":157,"column":37},"end":{"line":157,"column":51}}},"13":{"name":"(anonymous_13)","line":167,"loc":{"start":{"line":167,"column":40},"end":{"line":167,"column":53}}},"14":{"name":"(anonymous_14)","line":173,"loc":{"start":{"line":173,"column":28},"end":{"line":173,"column":42}}},"15":{"name":"(anonymous_15)","line":178,"loc":{"start":{"line":178,"column":34},"end":{"line":178,"column":62}}},"16":{"name":"(anonymous_16)","line":194,"loc":{"start":{"line":194,"column":31},"end":{"line":194,"column":45}}},"17":{"name":"(anonymous_17)","line":196,"loc":{"start":{"line":196,"column":25},"end":{"line":196,"column":37}}},"18":{"name":"(anonymous_18)","line":206,"loc":{"start":{"line":206,"column":30},"end":{"line":206,"column":64}}},"19":{"name":"(anonymous_19)","line":217,"loc":{"start":{"line":217,"column":32},"end":{"line":217,"column":66}}}},"statementMap":{"1":{"start":{"line":1,"column":0},"end":{"line":22,"column":1}},"2":{"start":{"line":25,"column":0},"end":{"line":48,"column":1}},"3":{"start":{"line":26,"column":2},"end":{"line":28,"column":13}},"4":{"start":{"line":30,"column":2},"end":{"line":32,"column":5}},"5":{"start":{"line":33,"column":2},"end":{"line":33,"column":29}},"6":{"start":{"line":35,"column":2},"end":{"line":35,"column":39}},"7":{"start":{"line":36,"column":2},"end":{"line":36,"column":25}},"8":{"start":{"line":37,"column":2},"end":{"line":37,"column":22}},"9":{"start":{"line":38,"column":2},"end":{"line":38,"column":47}},"10":{"start":{"line":39,"column":2},"end":{"line":39,"column":34}},"11":{"start":{"line":41,"column":2},"end":{"line":41,"column":24}},"12":{"start":{"line":43,"column":2},"end":{"line":45,"column":16}},"13":{"start":{"line":44,"column":4},"end":{"line":44,"column":17}},"14":{"start":{"line":46,"column":2},"end":{"line":46,"column":22}},"15":{"start":{"line":49,"column":0},"end":{"line":49,"column":37}},"16":{"start":{"line":52,"column":0},"end":{"line":58,"column":2}},"17":{"start":{"line":53,"column":2},"end":{"line":56,"column":4}},"18":{"start":{"line":57,"column":2},"end":{"line":57,"column":18}},"19":{"start":{"line":60,"column":0},"end":{"line":95,"column":2}},"20":{"start":{"line":62,"column":2},"end":{"line":62,"column":32}},"21":{"start":{"line":64,"column":2},"end":{"line":67,"column":3}},"22":{"start":{"line":69,"column":2},"end":{"line":79,"column":3}},"23":{"start":{"line":70,"column":4},"end":{"line":76,"column":7}},"24":{"start":{"line":78,"column":4},"end":{"line":78,"column":54}},"25":{"start":{"line":81,"column":2},"end":{"line":94,"column":4}},"26":{"start":{"line":97,"column":0},"end":{"line":110,"column":2}},"27":{"start":{"line":98,"column":2},"end":{"line":98,"column":64}},"28":{"start":{"line":99,"column":2},"end":{"line":108,"column":3}},"29":{"start":{"line":102,"column":6},"end":{"line":102,"column":28}},"30":{"start":{"line":103,"column":6},"end":{"line":103,"column":12}},"31":{"start":{"line":106,"column":6},"end":{"line":106,"column":34}},"32":{"start":{"line":107,"column":6},"end":{"line":107,"column":12}},"33":{"start":{"line":112,"column":0},"end":{"line":143,"column":2}},"34":{"start":{"line":114,"column":2},"end":{"line":114,"column":18}},"35":{"start":{"line":115,"column":2},"end":{"line":115,"column":16}},"36":{"start":{"line":116,"column":2},"end":{"line":142,"column":3}},"37":{"start":{"line":118,"column":6},"end":{"line":118,"column":41}},"38":{"start":{"line":120,"column":6},"end":{"line":122,"column":9}},"39":{"start":{"line":121,"column":8},"end":{"line":121,"column":32}},"40":{"start":{"line":124,"column":6},"end":{"line":126,"column":20}},"41":{"start":{"line":125,"column":8},"end":{"line":125,"column":33}},"42":{"start":{"line":128,"column":6},"end":{"line":128,"column":35}},"43":{"start":{"line":129,"column":6},"end":{"line":129,"column":12}},"44":{"start":{"line":133,"column":6},"end":{"line":135,"column":9}},"45":{"start":{"line":134,"column":8},"end":{"line":134,"column":21}},"46":{"start":{"line":137,"column":6},"end":{"line":139,"column":20}},"47":{"start":{"line":138,"column":8},"end":{"line":138,"column":33}},"48":{"start":{"line":141,"column":6},"end":{"line":141,"column":12}},"49":{"start":{"line":145,"column":0},"end":{"line":154,"column":2}},"50":{"start":{"line":146,"column":2},"end":{"line":153,"column":3}},"51":{"start":{"line":147,"column":4},"end":{"line":152,"column":5}},"52":{"start":{"line":148,"column":6},"end":{"line":148,"column":57}},"53":{"start":{"line":149,"column":6},"end":{"line":149,"column":50}},"54":{"start":{"line":151,"column":6},"end":{"line":151,"column":29}},"55":{"start":{"line":157,"column":0},"end":{"line":164,"column":2}},"56":{"start":{"line":158,"column":2},"end":{"line":158,"column":47}},"57":{"start":{"line":159,"column":2},"end":{"line":163,"column":3}},"58":{"start":{"line":160,"column":4},"end":{"line":162,"column":5}},"59":{"start":{"line":161,"column":6},"end":{"line":161,"column":56}},"60":{"start":{"line":167,"column":0},"end":{"line":170,"column":2}},"61":{"start":{"line":168,"column":2},"end":{"line":168,"column":24}},"62":{"start":{"line":169,"column":2},"end":{"line":169,"column":50}},"63":{"start":{"line":173,"column":0},"end":{"line":176,"column":2}},"64":{"start":{"line":174,"column":2},"end":{"line":174,"column":24}},"65":{"start":{"line":175,"column":2},"end":{"line":175,"column":14}},"66":{"start":{"line":178,"column":0},"end":{"line":191,"column":2}},"67":{"start":{"line":179,"column":2},"end":{"line":189,"column":3}},"68":{"start":{"line":180,"column":4},"end":{"line":180,"column":28}},"69":{"start":{"line":181,"column":4},"end":{"line":185,"column":5}},"70":{"start":{"line":182,"column":6},"end":{"line":184,"column":8}},"71":{"start":{"line":187,"column":4},"end":{"line":187,"column":71}},"72":{"start":{"line":188,"column":4},"end":{"line":188,"column":41}},"73":{"start":{"line":190,"column":2},"end":{"line":190,"column":9}},"74":{"start":{"line":194,"column":0},"end":{"line":203,"column":2}},"75":{"start":{"line":195,"column":2},"end":{"line":195,"column":18}},"76":{"start":{"line":196,"column":2},"end":{"line":201,"column":5}},"77":{"start":{"line":197,"column":4},"end":{"line":200,"column":5}},"78":{"start":{"line":198,"column":6},"end":{"line":198,"column":19}},"79":{"start":{"line":199,"column":6},"end":{"line":199,"column":19}},"80":{"start":{"line":202,"column":2},"end":{"line":202,"column":14}},"81":{"start":{"line":206,"column":0},"end":{"line":215,"column":2}},"82":{"start":{"line":207,"column":2},"end":{"line":211,"column":3}},"83":{"start":{"line":208,"column":4},"end":{"line":208,"column":23}},"84":{"start":{"line":209,"column":4},"end":{"line":209,"column":26}},"85":{"start":{"line":210,"column":4},"end":{"line":210,"column":59}},"86":{"start":{"line":212,"column":2},"end":{"line":212,"column":25}},"87":{"start":{"line":213,"column":2},"end":{"line":213,"column":78}},"88":{"start":{"line":214,"column":2},"end":{"line":214,"column":14}},"89":{"start":{"line":217,"column":0},"end":{"line":220,"column":2}},"90":{"start":{"line":219,"column":2},"end":{"line":219,"column":14}},"91":{"start":{"line":222,"column":0},"end":{"line":222,"column":28}}},"branchMap":{"1":{"line":35,"type":"binary-expr","locations":[{"start":{"line":35,"column":20},"end":{"line":35,"column":33}},{"start":{"line":35,"column":37},"end":{"line":35,"column":38}}]},"2":{"line":38,"type":"binary-expr","locations":[{"start":{"line":38,"column":22},"end":{"line":38,"column":37}},{"start":{"line":38,"column":41},"end":{"line":38,"column":46}}]},"3":{"line":64,"type":"binary-expr","locations":[{"start":{"line":64,"column":15},"end":{"line":64,"column":29}},{"start":{"line":64,"column":33},"end":{"line":64,"column":38}}]},"4":{"line":69,"type":"if","locations":[{"start":{"line":69,"column":2},"end":{"line":69,"column":2}},{"start":{"line":69,"column":2},"end":{"line":69,"column":2}}]},"5":{"line":74,"type":"binary-expr","locations":[{"start":{"line":74,"column":17},"end":{"line":74,"column":32}},{"start":{"line":74,"column":36},"end":{"line":74,"column":38}}]},"6":{"line":75,"type":"binary-expr","locations":[{"start":{"line":75,"column":13},"end":{"line":75,"column":22}},{"start":{"line":75,"column":24},"end":{"line":75,"column":43}}]},"7":{"line":99,"type":"switch","locations":[{"start":{"line":101,"column":4},"end":{"line":103,"column":12}},{"start":{"line":105,"column":4},"end":{"line":107,"column":12}}]},"8":{"line":116,"type":"switch","locations":[{"start":{"line":117,"column":4},"end":{"line":129,"column":12}},{"start":{"line":131,"column":4},"end":{"line":141,"column":12}}]},"9":{"line":146,"type":"if","locations":[{"start":{"line":146,"column":2},"end":{"line":146,"column":2}},{"start":{"line":146,"column":2},"end":{"line":146,"column":2}}]},"10":{"line":147,"type":"if","locations":[{"start":{"line":147,"column":4},"end":{"line":147,"column":4}},{"start":{"line":147,"column":4},"end":{"line":147,"column":4}}]},"11":{"line":159,"type":"if","locations":[{"start":{"line":159,"column":2},"end":{"line":159,"column":2}},{"start":{"line":159,"column":2},"end":{"line":159,"column":2}}]},"12":{"line":159,"type":"binary-expr","locations":[{"start":{"line":159,"column":6},"end":{"line":159,"column":10}},{"start":{"line":159,"column":14},"end":{"line":159,"column":24}}]},"13":{"line":181,"type":"if","locations":[{"start":{"line":181,"column":4},"end":{"line":181,"column":4}},{"start":{"line":181,"column":4},"end":{"line":181,"column":4}}]},"14":{"line":197,"type":"if","locations":[{"start":{"line":197,"column":4},"end":{"line":197,"column":4}},{"start":{"line":197,"column":4},"end":{"line":197,"column":4}}]},"15":{"line":207,"type":"if","locations":[{"start":{"line":207,"column":2},"end":{"line":207,"column":2}},{"start":{"line":207,"column":2},"end":{"line":207,"column":2}}]}},"code":["var debug    = require('debug')('socializr:provider:gplus')","  , stream   = require('stream')","  , util     = require('util')","  , zlib     = require('zlib')","  , https    = require('https')","  , url      = require('url')","  , qs       = require('querystring')","  , events   = require('events')","  , _        = require('underscore') ","  , Scheduler = require('pragma-scheduler')","  , uuid     = require('node-uuid')","  , Message = require('../message')","  , Transform = stream.Transform","","","","  /**","   * Package info","   */","  , pkg = require('../../package')","",";","","","function GooglePlus(options){","  options = _.extend({","    filters: []","  },options);","","  Transform.call(this, {","    objectMode: true","  });","  this._apiKey = options.key;","","  this._pageLimit = options.pages || 5;","  this._pageToken = null;","  this._pageCount = 0;","  this._refreshRate = options.refresh || 15000;","  this._filters = options.filters;","","  this.uuid = uuid.v1();","","  this._timer = new Scheduler(0, this._refreshRate, function(){","    this._page();","  }.bind(this));","  this._timer.start();","","};","util.inherits(GooglePlus, Transform);","","","GooglePlus.prototype.request = function(endpointUrl, method, data){","  this._req = https.request(","    this._createRequestOptions( endpointUrl, method, data),","    this._connectionResponse.bind(this)","  );","  this._req.end();","};","","GooglePlus.prototype._createRequestOptions = function(endpointUrl, endpointMethod, data){","","  this._prevRequest = arguments;","","  var method = endpointMethod || 'GET'","    , _uri = url.parse(endpointUrl)","    , _qs = ''","  ;","","  if( method == 'GET'){","    _qs = '?' + qs.stringify({","      key: this._apiKey,","      orderBy: 'recent',","      maxResults: 20,","      pageToken: this._pageToken || '',","      query: data.tags&&data.tags.join('|')","    });","","    debug('Building request with querystring %s',_qs);","  }","","  return {","    hostname: _uri.hostname,","    path:     _uri.pathname + _qs,","    method:   method,","    headers: {","      'User-Agent':       pkg.name + ' v' + pkg.version,","      'Content-Type':     'application/x-www-form-urlencoded;charset=UTF-8',","      'Accept-Encoding':  'gzip',","      'Connection':       'keep-alive'","    },","","    /* Disable agent pooling */","    agent: false","  };","};","","GooglePlus.prototype._connectionResponse = function(res){","  debug('Request responded with status code %s',res.statusCode);","  switch( res.statusCode){","","    case 200:","      this._connected( res);","      break;","","    default:","      this._connectionError( res);","      break;","  }","","};","","GooglePlus.prototype._connected = function(res){","","  this._res = res;","  var body = '';","  switch( res.headers['content-encoding']){","    case 'gzip':","      this._gunzip = zlib.createGunzip();","      ","      this._gunzip.on('data', function(data){","        body += data.toString();","      });","","      this._gunzip.on('end', function(){","        this._pipeResponse(body);","      }.bind(this));","","      this._res.pipe(this._gunzip);","      break;","","    default:","","      res.on('data', function(chunk) {","        body += chunk","      });","","      res.on('end', function(){","        this._pipeResponse(body);","      }.bind(this));","","      break;","  }","};","","GooglePlus.prototype._page = function(){","  if (this._prevResponse) {","    if( this._prevResponse.nextPageToken!=this._pageToken){","      this._pageToken = this._prevResponse.nextPageToken;","      this.request.apply(this, this._prevRequest);","    }else{","      this._pageToken = null;","    }","  }","};","","","GooglePlus.prototype._pipeResponse = function(data){","  this._prevResponse = data = JSON.parse(data);","  if( data && data.items){","    for (var i = data.items.length - 1; i >= 0; i--) {","      this.write(JSON.stringify(data.items[i]), 'utf8');","    };","  }","};","","","GooglePlus.prototype._connectionError = function(res){","  console.log(res.body);","  this.emit('warning', new Error(res.statusCode));","};","","","GooglePlus.prototype.auth = function(auth){","  auth._provider = this;","  return auth;","};","","GooglePlus.prototype._transform = function(data,encoding,done){","  try {","    data = JSON.parse(data);","    if( this.include(data)){","      this.push(","        new Message( this, data )","      );","    }","  }catch(err){","    debug('Data parse error. Error parsing chunk. Parser trew %j',err);","    this.emit('warning', new Error(err));","  }","  done();","};","","","GooglePlus.prototype.include = function(data){","  var pass = true;","  this._filters.forEach( function(cb){","    if( !cb(data)){","      pass = false;","      return false;","    }","  });","  return pass;","};","","","GooglePlus.prototype.stream = function(request, auth, socializr){","  if( !this._piped){","    this._piped = true;","    this.pipe( socializr);","    this.on('warning', socializr._onError.bind(socializr));","  }","  this._pageToken = null;","  this.request('https://www.googleapis.com/plus/v1/activities','GET',request);","  return this;","};","","GooglePlus.prototype.unstream = function(request, auth, socializr){","  // this.request('https://www.googleapis.com/plus/v1/activities','GET',request);","  return this;","};","","module.exports = GooglePlus;",""],"l":{"1":1,"25":1,"26":0,"30":0,"33":0,"35":0,"36":0,"37":0,"38":0,"39":0,"41":0,"43":0,"44":0,"46":0,"49":1,"52":1,"53":0,"57":0,"60":1,"62":0,"64":0,"69":0,"70":0,"78":0,"81":0,"97":1,"98":0,"99":0,"102":0,"103":0,"106":0,"107":0,"112":1,"114":0,"115":0,"116":0,"118":0,"120":0,"121":0,"124":0,"125":0,"128":0,"129":0,"133":0,"134":0,"137":0,"138":0,"141":0,"145":1,"146":0,"147":0,"148":0,"149":0,"151":0,"157":1,"158":0,"159":0,"160":0,"161":0,"167":1,"168":0,"169":0,"173":1,"174":0,"175":0,"178":1,"179":0,"180":0,"181":0,"182":0,"187":0,"188":0,"190":0,"194":1,"195":0,"196":0,"197":0,"198":0,"199":0,"202":0,"206":1,"207":0,"208":0,"209":0,"210":0,"212":0,"213":0,"214":0,"217":1,"219":0,"222":1}}}